-----------------------------
Volume-Duration Analysis
   30 Jan 2017   01:02 PM
-----------------------------


--- Input Data ---

Analysis Name: COW_FREQ
Description: 

Data Set Name: COWICHAN-FLOW-DAY
DSS File Name: C:\Users\rgpike\HEC_FOLDERS_CARL\COWICHAN\COWICHAN.dss
DSS Pathname: ///FLOW-DAY//1DAY//

Project Path: C:\Users\rgpike\HEC_FOLDERS_CARL\COWICHAN
Report File Name: C:\Users\rgpike\HEC_FOLDERS_CARL\COWICHAN\VolumeFrequencyAnalysisResults\COW_FREQ\COW_FREQ.rpt
Result File Name: C:\Users\rgpike\HEC_FOLDERS_CARL\COWICHAN\VolumeFrequencyAnalysisResults\COW_FREQ\COW_FREQ.xml

Analyze Minimums

Analysis Year: Calendar Year

Record Start Date: 01 Jan 1941
Record End Date:   31 Dec 2015


User-Specified Durations
   Duration:   1 day
   Duration:   3 days
   Duration:   7 days
   Duration:  15 days
   Duration:  30 days

Plotting Position Type: Weibull

Probability Distribution Type: Pearson Type III
Use Log Transform
Compute Expected Probability Curve

Upper Confidence Level: 0.05
Lower Confidence Level: 0.95

Use Default Frequencies

Skew Option: Use Station Skew

Display ordinate values using 3 digits in fraction part of value

--- End of Input Data ---




====================================================================
Statistical Analysis of 1-day Minimum values
====================================================================

Note: Data are missing for all or part of 0 years in analysis period.


--- Preliminary Results ---


<< Skew Weighting >>
-----------------------------------------------------------------
Based on 75 events, mean-square error of station skew =      0.43
Mean-square error of regional skew is undefined.
-----------------------------------------------------------------


<< Frequency Curve >>
COWICHAN-FLOW-DAY (1-day Min)
-------------------------------------------------------------------
|  Computed    Expected   |   Percent   |    Confidence Limits    |
|    Curve    Probability | Chance Non- |        0.05        0.95 |
|        FLOW, cms        | Exceedance  |        FLOW, cms        |
|-------------------------|-------------|-------------------------|
|       7.792       7.796 |     99.0    |       8.920       6.938 |
|       7.665       7.675 |     95.0    |       8.761       6.831 |
|       7.484       7.494 |     90.0    |       8.535       6.679 |
|       7.079       7.088 |     80.0    |       8.033       6.335 |
|       5.567       5.567 |     50.0    |       6.215       5.019 |
|       3.396       3.365 |     20.0    |       3.780       3.015 |
|       2.318       2.269 |     10.0    |       2.637       1.985 |
|       1.576       1.518 |      5.0    |       1.854       1.287 |
|       0.944       0.878 |      2.0    |       1.169       0.718 |
|       0.639       0.575 |      1.0    |       0.826       0.459 |
|       0.432       0.373 |      0.5    |       0.583       0.293 |
|       0.257       0.209 |      0.2    |       0.369       0.161 |
|-------------------------|-------------|-------------------------|


<< Systematic Statistics >>
COWICHAN-FLOW-DAY (1-day Min)
----------------------------------------------------------------
|        Log Transform:        |                               |
|          FLOW, cms           |       Number of Events        |
|------------------------------|-------------------------------|
|  Mean                 0.670  |  Historic Events           0  |
|  Standard Dev         0.236  |  High Outliers          0     |
|  Station Skew        -2.116  |  Low Outliers           0     |
|  Regional Skew          ---  |  Zero Events            0     |
|  Weighted Skew          ---  |  Missing Events         0     |
|  Adopted Skew        -2.116  |  Systematic Events        75  |
|------------------------------|-------------------------------|

--- End of Preliminary Results ---




-----------------------
<< High Outlier Test >>
-----------------------
 Based on 75 events, 10 percent outlier test deviate K(N) = 2.917
                       Computed high outlier test value = 22.8156

         0 high outlier(s) identified above test value of 22.8156


----------------------
<< Low Outlier Test >>
----------------------
 Based on 75 events, 10 percent outlier test deviate K(N) = 2.917
                         Computed low outlier test value = 0.9587

           2 low outlier(s) identified below test value of 0.9587


   * * * * * * * * * * * * * * * * * * * * * * * * * * * * * *
   * Note - Collection of historical information and         *
   *        comparison with similar data should be explored, *
   *        if not incorporated in this analysis.            *
   * * * * * * * * * * * * * * * * * * * * * * * * * * * * * *

     Statistics and frequency curve adjusted for 2 low outlier(s)




--- Final Results ---

<< Plotting Positions >>
COWICHAN-FLOW-DAY (1-day Min)
--------------------------------------------------------------------
|     Events Analyzed       |            Ordered Events            |
|                     FLOW  |       Calendar        FLOW  Weibull  |
| Day Mon Year         cms  |  Rank     Year         cms  Plot Pos |
|---------------------------|--------------------------------------|
|  30 Aug 1941       2.890  |    1      1999       7.720   98.68   |
|  29 Sep 1942       1.420  |    2      1971       7.560   97.37   |
|  26 Sep 1943       1.760  |    3      1968       7.530   96.05   |
|  10 Sep 1944       0.425  |    4      1982       7.350   94.74   |
|  03 Sep 1945       2.320  |    5      1969       7.330   93.42   |
|  18 Oct 1946       3.000  |    6      1976       7.280   92.11   |
|  27 Sep 1947       1.930  |    7      2007       7.250   90.79   |
|  25 Aug 1948       4.640  |    8      1997       7.190   89.47   |
|  13 Sep 1949       3.170  |    9      1984       7.140   88.16   |
|  21 Sep 1950       1.700  |   10      1977       7.080   86.84   |
|  18 Sep 1951       0.850  |   11      1983       7.070   85.53   |
|  21 Oct 1952       2.550  |   12      2011       6.910   84.21   |
|  20 Sep 1953       2.120  |   13      1966       6.740   82.89   |
|  07 Sep 1954       6.170  |   14      2000       6.720   81.58   |
|  30 Sep 1955       4.360  |   15      1990       6.720   80.26   |
|  16 Sep 1956       1.760  |   16      2005       6.700   78.95   |
|  02 Sep 1957       5.660  |   17      1975       6.650   77.63   |
|  05 Sep 1958       1.810  |   18      1996       6.610   76.32   |
|  08 Sep 1959       5.780  |   19      1978       6.510   75.00   |
|  08 Aug 1960       5.180  |   20      2002       6.500   73.68   |
|  25 Aug 1961       4.250  |   21      1991       6.490   72.37   |
|  30 Jul 1962       6.170  |   22      2008       6.410   71.05   |
|  12 Oct 1963       4.980  |   23      1972       6.370   69.74   |
|  30 Aug 1964       6.340  |   24      1964       6.340   68.42   |
|  03 Oct 1965       5.240  |   25      1994       6.320   67.11   |
|  10 Aug 1966       6.740  |   26      2013       6.310   65.79   |
|  28 Sep 1967       5.800  |   27      1995       6.250   64.47   |
|  03 Aug 1968       7.530  |   28      1988       6.220   63.16   |
|  22 Aug 1969       7.330  |   29      1962       6.170   61.84   |
|  02 Aug 1970       5.800  |   30      1954       6.170   60.53   |
|  11 Aug 1971       7.560  |   31      1981       6.130   59.21   |
|  31 Oct 1972       6.370  |   32      1993       6.110   57.89   |
|  12 Oct 1973       5.920  |   33      2001       6.010   56.58   |
|  03 Nov 1974       5.320  |   34      1973       5.920   55.26   |
|  24 Jul 1975       6.650  |   35      1998       5.800   53.95   |
|  09 Aug 1976       7.280  |   36      1970       5.800   52.63   |
|  21 Jul 1977       7.080  |   37      1967       5.800   51.32   |
|  18 Aug 1978       6.510  |   38      1959       5.780   50.00   |
|  04 Jul 1979       5.460  |   39      2010       5.730   48.68   |
|  22 Jun 1980       5.600  |   40      1957       5.660   47.37   |
|  23 Aug 1981       6.130  |   41      2009       5.620   46.05   |
|  01 Aug 1982       7.350  |   42      1980       5.600   44.74   |
|  18 Aug 1983       7.070  |   43      1979       5.460   43.42   |
|  20 Jul 1984       7.140  |   44      1974       5.320   42.11   |
|  28 Aug 1985       4.350  |   45      1989       5.250   40.79   |
|  24 Oct 1986       4.550  |   46      1965       5.240   39.47   |
|  10 Aug 1987       4.550  |   47      1960       5.180   38.16   |
|  23 Aug 1988       6.220  |   48      1963       4.980   36.84   |
|  08 Oct 1989       5.250  |   49      1992       4.900   35.53   |
|  28 Sep 1990       6.720  |   50      2012       4.710   34.21   |
|  02 Aug 1991       6.490  |   51      1948       4.640   32.89   |
|  07 Aug 1992       4.900  |   52      2004       4.590   31.58   |
|  02 Oct 1993       6.110  |   53      1987       4.550   30.26   |
|  16 Oct 1994       6.320  |   54      1986       4.550   28.95   |
|  28 Aug 1995       6.250  |   55      2014       4.420   27.63   |
|  06 Sep 1996       6.610  |   56      1955       4.360   26.32   |
|  19 Aug 1997       7.190  |   57      1985       4.350   25.00   |
|  30 Sep 1998       5.800  |   58      2015       4.280   23.68   |
|  26 Sep 1999       7.720  |   59      1961       4.250   22.37   |
|  01 Sep 2000       6.720  |   60      2003       3.800   21.05   |
|  19 Aug 2001       6.010  |   61      2006       3.490   19.74   |
|  05 Nov 2002       6.500  |   62      1949       3.170   18.42   |
|  08 Sep 2003       3.800  |   63      1946       3.000   17.11   |
|  02 Jul 2004       4.590  |   64      1941       2.890   15.79   |
|  01 Sep 2005       6.700  |   65      1952       2.550   14.47   |
|  17 Sep 2006       3.490  |   66      1945       2.320   13.16   |
|  09 Jul 2007       7.250  |   67      1953       2.120   11.84   |
|  04 Aug 2008       6.410  |   68      1947       1.930   10.53   |
|  20 Sep 2009       5.620  |   69      1958       1.810    9.21   |
|  02 Oct 2010       5.730  |   70      1956       1.760    7.89   |
|  27 Aug 2011       6.910  |   71      1943       1.760    6.58   |
|  12 Oct 2012       4.710  |   72      1950       1.700    5.26   |
|  18 Jul 2013       6.310  |   73      1942       1.420    3.95   |
|  10 Aug 2014       4.420  |   74      1951       0.850*   2.63   |
|  30 Aug 2015       4.280  |   75      1944       0.425*   1.32   |
|---------------------------|--------------------------------------|
                                                        * Outlier



<< Skew Weighting >>
-----------------------------------------------------------------
Based on 75 events, mean-square error of station skew =      0.43
Mean-square error of regional skew is undefined.
-----------------------------------------------------------------


<< Frequency Curve >>
COWICHAN-FLOW-DAY (1-day Min)
-------------------------------------------------------------------
|  Computed    Expected   |   Percent   |    Confidence Limits    |
|    Curve    Probability | Chance Non- |        0.05        0.95 |
|        FLOW, cms        | Exceedance  |        FLOW, cms        |
|-------------------------|-------------|-------------------------|
|       7.792       7.796 |     99.0    |       8.920       6.938 |
|       7.665       7.675 |     95.0    |       8.761       6.831 |
|       7.484       7.494 |     90.0    |       8.535       6.679 |
|       7.079       7.088 |     80.0    |       8.033       6.335 |
|       5.567       5.567 |     50.0    |       6.215       5.019 |
|       3.396       3.365 |     20.0    |       3.780       3.015 |
|       2.318       2.269 |     10.0    |       2.637       1.985 |
|       1.576       1.518 |      5.0    |       1.854       1.287 |
|       0.944       0.878 |      2.0    |       1.169       0.718 |
|       0.639       0.575 |      1.0    |       0.826       0.459 |
|       0.432       0.373 |      0.5    |       0.583       0.293 |
|       0.257       0.209 |      0.2    |       0.369       0.161 |
|-------------------------|-------------|-------------------------|


<< Systematic Statistics >>
COWICHAN-FLOW-DAY (1-day Min)
----------------------------------------------------------------
|        Log Transform:        |                               |
|          FLOW, cms           |       Number of Events        |
|------------------------------|-------------------------------|
|  Mean                 0.670  |  Historic Events           0  |
|  Standard Dev         0.236  |  High Outliers          0     |
|  Station Skew        -2.116  |  Low Outliers           2     |
|  Regional Skew          ---  |  Zero Events            0     |
|  Weighted Skew          ---  |  Missing Events         0     |
|  Adopted Skew        -2.116  |  Systematic Events        75  |
|------------------------------|-------------------------------|

--- End of Analytical Frequency Curve ---

Note: No ordinates specified for graphical frequency curve




====================================================================
Statistical Analysis of 3-day Minimum values
====================================================================

Note: Data are missing for all or part of 1 years in analysis period.


--- Preliminary Results ---


<< Skew Weighting >>
-----------------------------------------------------------------
Based on 75 events, mean-square error of station skew =      0.44
Mean-square error of regional skew is undefined.
-----------------------------------------------------------------


<< Frequency Curve >>
COWICHAN-FLOW-DAY (3-day Min)
-------------------------------------------------------------------
|  Computed    Expected   |   Percent   |    Confidence Limits    |
|    Curve    Probability | Chance Non- |        0.05        0.95 |
|        FLOW, cms        | Exceedance  |        FLOW, cms        |
|-------------------------|-------------|-------------------------|
|       7.869       7.872 |     99.0    |       8.987       7.019 |
|       7.753       7.762 |     95.0    |       8.842       6.921 |
|       7.583       7.592 |     90.0    |       8.630       6.778 |
|       7.193       7.202 |     80.0    |       8.148       6.446 |
|       5.697       5.697 |     50.0    |       6.352       5.142 |
|       3.501       3.469 |     20.0    |       3.891       3.113 |
|       2.397       2.346 |     10.0    |       2.722       2.056 |
|       1.633       1.573 |      5.0    |       1.917       1.337 |
|       0.980       0.911 |      2.0    |       1.211       0.747 |
|       0.664       0.598 |      1.0    |       0.856       0.479 |
|       0.450       0.388 |      0.5    |       0.605       0.306 |
|       0.268       0.218 |      0.2    |       0.383       0.169 |
|-------------------------|-------------|-------------------------|


<< Systematic Statistics >>
COWICHAN-FLOW-DAY (3-day Min)
----------------------------------------------------------------
|        Log Transform:        |                               |
|          FLOW, cms           |       Number of Events        |
|------------------------------|-------------------------------|
|  Mean                 0.680  |  Historic Events           0  |
|  Standard Dev         0.233  |  High Outliers          0     |
|  Station Skew        -2.149  |  Low Outliers           0     |
|  Regional Skew          ---  |  Zero Events            0     |
|  Weighted Skew          ---  |  Missing Events         0     |
|  Adopted Skew        -2.149  |  Systematic Events        75  |
|------------------------------|-------------------------------|

--- End of Preliminary Results ---




-----------------------
<< High Outlier Test >>
-----------------------
 Based on 75 events, 10 percent outlier test deviate K(N) = 2.917
                       Computed high outlier test value = 22.9079

         0 high outlier(s) identified above test value of 22.9079


----------------------
<< Low Outlier Test >>
----------------------
 Based on 75 events, 10 percent outlier test deviate K(N) = 2.917
                         Computed low outlier test value = 1.0003

           2 low outlier(s) identified below test value of 1.0003


   * * * * * * * * * * * * * * * * * * * * * * * * * * * * * *
   * Note - Collection of historical information and         *
   *        comparison with similar data should be explored, *
   *        if not incorporated in this analysis.            *
   * * * * * * * * * * * * * * * * * * * * * * * * * * * * * *

     Statistics and frequency curve adjusted for 2 low outlier(s)




--- Final Results ---

<< Plotting Positions >>
COWICHAN-FLOW-DAY (3-day Min)
--------------------------------------------------------------------
|     Events Analyzed       |            Ordered Events            |
|                     FLOW  |       Calendar        FLOW  Weibull  |
| Day Mon Year         cms  |  Rank     Year         cms  Plot Pos |
|---------------------------|--------------------------------------|
|  31 Aug 1941       2.943  |    1      1999       7.817   98.68   |
|  30 Sep 1942       1.567  |    2      1971       7.693   97.37   |
|  26 Sep 1943       1.870  |    3      1968       7.560   96.05   |
|  12 Sep 1944       0.425  |    4      1982       7.417   94.74   |
|  03 Sep 1945       2.493  |    5      1997       7.380   93.42   |
|  18 Oct 1946       3.057  |    6      1969       7.370   92.11   |
|  29 Sep 1947       1.930  |    7      1976       7.333   90.79   |
|  25 Aug 1948       4.727  |    8      2007       7.297   89.47   |
|  14 Sep 1949       3.320  |    9      1984       7.233   88.16   |
|  23 Sep 1950       1.757  |   10      1977       7.180   86.84   |
|  19 Sep 1951       0.925  |   11      1983       7.157   85.53   |
|  23 Oct 1952       2.550  |   12      1966       6.947   84.21   |
|  21 Sep 1953       2.170  |   13      2011       6.943   82.89   |
|  08 Sep 1954       6.250  |   14      1975       6.897   81.58   |
|  02 Oct 1955       4.390  |   15      1990       6.840   80.26   |
|  18 Sep 1956       1.760  |   16      2000       6.823   78.95   |
|  04 Sep 1957       5.660  |   17      2005       6.743   77.63   |
|  06 Sep 1958       1.953  |   18      1996       6.723   76.32   |
|  09 Sep 1959       6.343  |   19      2002       6.697   75.00   |
|  08 Aug 1960       5.313  |   20      1978       6.633   73.68   |
|  22 Aug 1961       4.320  |   21      1991       6.580   72.37   |
|  01 Aug 1962       6.313  |   22      1964       6.577   71.05   |
|  12 Oct 1963       5.040  |   23      1972       6.513   69.74   |
|  30 Aug 1964       6.577  |   24      2008       6.480   68.42   |
|  03 Oct 1965       5.370  |   25      2013       6.460   67.11   |
|  11 Aug 1966       6.947  |   26      1993       6.457   65.79   |
|  29 Sep 1967       5.947  |   27      1995       6.413   64.47   |
|  05 Aug 1968       7.560  |   28      1994       6.403   63.16   |
|  24 Aug 1969       7.370  |   29      1988       6.360   61.84   |
|  02 Aug 1970       5.860  |   30      1959       6.343   60.53   |
|  11 Aug 1971       7.693  |   31      1962       6.313   59.21   |
|  01 Nov 1972       6.513  |   32      1973       6.250   57.89   |
|  12 Oct 1973       6.250  |   33      1954       6.250   56.58   |
|  04 Nov 1974       5.377  |   34      1981       6.207   55.26   |
|  25 Jul 1975       6.897  |   35      2001       6.073   53.95   |
|  11 Aug 1976       7.333  |   36      1967       5.947   52.63   |
|  04 Jul 1977       7.180  |   37      2010       5.890   51.32   |
|  18 Aug 1978       6.633  |   38      1998       5.863   50.00   |
|  06 Jul 1979       5.470  |   39      1970       5.860   48.68   |
|  24 Jun 1980       5.640  |   40      2009       5.760   47.37   |
|  06 Sep 1981       6.207  |   41      1957       5.660   46.05   |
|  02 Aug 1982       7.417  |   42      1980       5.640   44.74   |
|  20 Aug 1983       7.157  |   43      1979       5.470   43.42   |
|  22 Jul 1984       7.233  |   44      1974       5.377   42.11   |
|  30 Aug 1985       4.447  |   45      1965       5.370   40.79   |
|  24 Oct 1986       4.613  |   46      1960       5.313   39.47   |
|  10 Aug 1987       4.667  |   47      1989       5.310   38.16   |
|  11 Sep 1988       6.360  |   48      2012       5.143   36.84   |
|  08 Oct 1989       5.310  |   49      1963       5.040   35.53   |
|  30 Sep 1990       6.840  |   50      1992       5.020   34.21   |
|  02 Aug 1991       6.580  |   51      1948       4.727   32.89   |
|  08 Aug 1992       5.020  |   52      1987       4.667   31.58   |
|  04 Oct 1993       6.457  |   53      1986       4.613   30.26   |
|  16 Oct 1994       6.403  |   54      2004       4.597   28.95   |
|  29 Aug 1995       6.413  |   55      1985       4.447   27.63   |
|  07 Sep 1996       6.723  |   56      2014       4.440   26.32   |
|  19 Aug 1997       7.380  |   57      1955       4.390   25.00   |
|  01 Oct 1998       5.863  |   58      2015       4.387   23.68   |
|  28 Sep 1999       7.817  |   59      1961       4.320   22.37   |
|  02 Sep 2000       6.823  |   60      2003       3.960   21.05   |
|  20 Aug 2001       6.073  |   61      2006       3.500   19.74   |
|  05 Nov 2002       6.697  |   62      1949       3.320   18.42   |
|  09 Sep 2003       3.960  |   63      1946       3.057   17.11   |
|  04 Jul 2004       4.597  |   64      1941       2.943   15.79   |
|  02 Sep 2005       6.743  |   65      1952       2.550   14.47   |
|  17 Sep 2006       3.500  |   66      1945       2.493   13.16   |
|  10 Jul 2007       7.297  |   67      1953       2.170   11.84   |
|  05 Aug 2008       6.480  |   68      1958       1.953   10.53   |
|  22 Sep 2009       5.760  |   69      1947       1.930    9.21   |
|  04 Oct 2010       5.890  |   70      1943       1.870    7.89   |
|  28 Aug 2011       6.943  |   71      1956       1.760    6.58   |
|  08 Oct 2012       5.143  |   72      1950       1.757    5.26   |
|  20 Jul 2013       6.460  |   73      1942       1.567    3.95   |
|  11 Aug 2014       4.440  |   74      1951       0.925*   2.63   |
|  30 Aug 2015       4.387  |   75      1944       0.425*   1.32   |
|---------------------------|--------------------------------------|
                                                        * Outlier



<< Skew Weighting >>
-----------------------------------------------------------------
Based on 75 events, mean-square error of station skew =      0.44
Mean-square error of regional skew is undefined.
-----------------------------------------------------------------


<< Frequency Curve >>
COWICHAN-FLOW-DAY (3-day Min)
-------------------------------------------------------------------
|  Computed    Expected   |   Percent   |    Confidence Limits    |
|    Curve    Probability | Chance Non- |        0.05        0.95 |
|        FLOW, cms        | Exceedance  |        FLOW, cms        |
|-------------------------|-------------|-------------------------|
|       7.869       7.872 |     99.0    |       8.987       7.019 |
|       7.753       7.762 |     95.0    |       8.842       6.921 |
|       7.583       7.592 |     90.0    |       8.630       6.778 |
|       7.193       7.202 |     80.0    |       8.148       6.446 |
|       5.697       5.697 |     50.0    |       6.352       5.142 |
|       3.501       3.469 |     20.0    |       3.891       3.113 |
|       2.397       2.346 |     10.0    |       2.722       2.056 |
|       1.633       1.573 |      5.0    |       1.917       1.337 |
|       0.980       0.911 |      2.0    |       1.211       0.747 |
|       0.664       0.598 |      1.0    |       0.856       0.479 |
|       0.450       0.388 |      0.5    |       0.605       0.306 |
|       0.268       0.218 |      0.2    |       0.383       0.169 |
|-------------------------|-------------|-------------------------|


<< Systematic Statistics >>
COWICHAN-FLOW-DAY (3-day Min)
----------------------------------------------------------------
|        Log Transform:        |                               |
|          FLOW, cms           |       Number of Events        |
|------------------------------|-------------------------------|
|  Mean                 0.680  |  Historic Events           0  |
|  Standard Dev         0.233  |  High Outliers          0     |
|  Station Skew        -2.149  |  Low Outliers           2     |
|  Regional Skew          ---  |  Zero Events            0     |
|  Weighted Skew          ---  |  Missing Events         0     |
|  Adopted Skew        -2.149  |  Systematic Events        75  |
|------------------------------|-------------------------------|

--- End of Analytical Frequency Curve ---

Note: No ordinates specified for graphical frequency curve




====================================================================
Statistical Analysis of 7-day Minimum values
====================================================================

Note: Data are missing for all or part of 1 years in analysis period.


--- Preliminary Results ---


<< Skew Weighting >>
-----------------------------------------------------------------
Based on 75 events, mean-square error of station skew =     0.436
Mean-square error of regional skew is undefined.
-----------------------------------------------------------------


<< Frequency Curve >>
COWICHAN-FLOW-DAY (7-day Min)
-------------------------------------------------------------------
|  Computed    Expected   |   Percent   |    Confidence Limits    |
|    Curve    Probability | Chance Non- |        0.05        0.95 |
|        FLOW, cms        | Exceedance  |        FLOW, cms        |
|-------------------------|-------------|-------------------------|
|       8.035       8.038 |     99.0    |       9.142       7.190 |
|       7.916       7.926 |     95.0    |       8.994       7.090 |
|       7.744       7.753 |     90.0    |       8.781       6.944 |
|       7.351       7.360 |     80.0    |       8.297       6.609 |
|       5.854       5.854 |     50.0    |       6.506       5.300 |
|       3.648       3.616 |     20.0    |       4.042       3.255 |
|       2.527       2.476 |     10.0    |       2.860       2.178 |
|       1.744       1.682 |      5.0    |       2.037       1.436 |
|       1.064       0.992 |      2.0    |       1.306       0.818 |
|       0.730       0.660 |      1.0    |       0.934       0.532 |
|       0.501       0.435 |      0.5    |       0.668       0.345 |
|       0.304       0.248 |      0.2    |       0.429       0.194 |
|-------------------------|-------------|-------------------------|


<< Systematic Statistics >>
COWICHAN-FLOW-DAY (7-day Min)
----------------------------------------------------------------
|        Log Transform:        |                               |
|          FLOW, cms           |       Number of Events        |
|------------------------------|-------------------------------|
|  Mean                 0.694  |  Historic Events           0  |
|  Standard Dev         0.226  |  High Outliers          0     |
|  Station Skew        -2.137  |  Low Outliers           0     |
|  Regional Skew          ---  |  Zero Events            0     |
|  Weighted Skew          ---  |  Missing Events         0     |
|  Adopted Skew        -2.137  |  Systematic Events        75  |
|------------------------------|-------------------------------|

--- End of Preliminary Results ---




-----------------------
<< High Outlier Test >>
-----------------------
 Based on 75 events, 10 percent outlier test deviate K(N) = 2.917
                       Computed high outlier test value = 22.6003

         0 high outlier(s) identified above test value of 22.6003


----------------------
<< Low Outlier Test >>
----------------------
 Based on 75 events, 10 percent outlier test deviate K(N) = 2.917
                         Computed low outlier test value = 1.0833

           2 low outlier(s) identified below test value of 1.0833


   * * * * * * * * * * * * * * * * * * * * * * * * * * * * * *
   * Note - Collection of historical information and         *
   *        comparison with similar data should be explored, *
   *        if not incorporated in this analysis.            *
   * * * * * * * * * * * * * * * * * * * * * * * * * * * * * *

     Statistics and frequency curve adjusted for 2 low outlier(s)




--- Final Results ---

<< Plotting Positions >>
COWICHAN-FLOW-DAY (7-day Min)
--------------------------------------------------------------------
|     Events Analyzed       |            Ordered Events            |
|                     FLOW  |       Calendar        FLOW  Weibull  |
| Day Mon Year         cms  |  Rank     Year         cms  Plot Pos |
|---------------------------|--------------------------------------|
|  01 Sep 1941       2.993  |    1      1971       8.043   98.68   |
|  30 Sep 1942       1.651  |    2      1999       7.924   97.37   |
|  19 Sep 1943       1.933  |    3      1968       7.606   96.05   |
|  14 Sep 1944       0.473  |    4      1976       7.589   94.74   |
|  03 Sep 1945       2.694  |    5      1997       7.467   93.42   |
|  19 Oct 1946       3.187  |    6      1982       7.441   92.11   |
|  29 Sep 1947       1.976  |    7      1969       7.426   90.79   |
|  26 Aug 1948       4.890  |    8      2007       7.327   89.47   |
|  16 Sep 1949       3.769  |    9      1984       7.294   88.16   |
|  25 Sep 1950       1.951  |   10      1983       7.271   86.84   |
|  22 Sep 1951       1.044  |   11      1977       7.236   85.53   |
|  24 Oct 1952       2.626  |   12      1975       7.103   84.21   |
|  21 Sep 1953       2.323  |   13      1990       7.086   82.89   |
|  09 Sep 1954       6.530  |   14      1966       7.061   81.58   |
|  06 Oct 1955       4.507  |   15      2000       7.039   80.26   |
|  20 Sep 1956       1.834  |   16      2011       7.021   78.95   |
|  05 Sep 1957       5.883  |   17      2002       6.977   77.63   |
|  09 Sep 1958       2.030  |   18      1964       6.889   76.32   |
|  09 Sep 1959       6.610  |   19      1996       6.864   75.00   |
|  08 Aug 1960       5.696  |   20      2005       6.791   73.68   |
|  26 Aug 1961       4.420  |   21      1973       6.707   72.37   |
|  02 Aug 1962       6.436  |   22      1991       6.700   71.05   |
|  12 Oct 1963       5.150  |   23      1978       6.697   69.74   |
|  31 Aug 1964       6.889  |   24      1972       6.691   68.42   |
|  04 Oct 1965       5.596  |   25      1993       6.673   67.11   |
|  30 Aug 1966       7.061  |   26      2013       6.643   65.79   |
|  30 Sep 1967       6.051  |   27      1959       6.610   64.47   |
|  07 Aug 1968       7.606  |   28      1988       6.553   63.16   |
|  24 Aug 1969       7.426  |   29      2008       6.537   61.84   |
|  06 Aug 1970       5.889  |   30      1954       6.530   60.53   |
|  14 Aug 1971       8.043  |   31      1995       6.507   59.21   |
|  01 Nov 1972       6.691  |   32      1994       6.496   57.89   |
|  12 Oct 1973       6.707  |   33      1962       6.436   56.58   |
|  04 Nov 1974       5.417  |   34      1981       6.251   55.26   |
|  26 Jul 1975       7.103  |   35      2001       6.159   53.95   |
|  12 Aug 1976       7.589  |   36      1967       6.051   52.63   |
|  05 Jul 1977       7.236  |   37      1998       5.977   51.32   |
|  02 Aug 1978       6.697  |   38      2010       5.944   50.00   |
|  07 Jul 1979       5.563  |   39      1970       5.889   48.68   |
|  03 Sep 1980       5.863  |   40      1957       5.883   47.37   |
|  28 Aug 1981       6.251  |   41      1980       5.863   46.05   |
|  06 Aug 1982       7.441  |   42      2009       5.840   44.74   |
|  21 Aug 1983       7.271  |   43      2012       5.771   43.42   |
|  03 Aug 1984       7.294  |   44      1960       5.696   42.11   |
|  30 Aug 1985       4.599  |   45      1965       5.596   40.79   |
|  25 Oct 1986       4.786  |   46      1979       5.563   39.47   |
|  10 Nov 1987       5.220  |   47      1989       5.481   38.16   |
|  12 Aug 1988       6.553  |   48      1974       5.417   36.84   |
|  11 Oct 1989       5.481  |   49      1987       5.220   35.53   |
|  23 Aug 1990       7.086  |   50      1992       5.186   34.21   |
|  02 Aug 1991       6.700  |   51      1963       5.150   32.89   |
|  12 Aug 1992       5.186  |   52      1948       4.890   31.58   |
|  08 Oct 1993       6.673  |   53      1986       4.786   30.26   |
|  25 Sep 1994       6.496  |   54      2004       4.616   28.95   |
|  22 Aug 1995       6.507  |   55      1985       4.599   27.63   |
|  10 Jul 1996       6.864  |   56      2014       4.514   26.32   |
|  24 Aug 1997       7.467  |   57      1955       4.507   25.00   |
|  02 Oct 1998       5.977  |   58      2015       4.473   23.68   |
|  02 Oct 1999       7.924  |   59      1961       4.420   22.37   |
|  25 Aug 2000       7.039  |   60      2003       4.074   21.05   |
|  06 Aug 2001       6.159  |   61      1949       3.769   19.74   |
|  06 Nov 2002       6.977  |   62      2006       3.536   18.42   |
|  02 Oct 2003       4.074  |   63      1946       3.187   17.11   |
|  05 Jul 2004       4.616  |   64      1941       2.993   15.79   |
|  02 Sep 2005       6.791  |   65      1945       2.694   14.47   |
|  17 Sep 2006       3.536  |   66      1952       2.626   13.16   |
|  10 Jul 2007       7.327  |   67      1953       2.323   11.84   |
|  07 Aug 2008       6.537  |   68      1958       2.030   10.53   |
|  21 Sep 2009       5.840  |   69      1947       1.976    9.21   |
|  01 Sep 2010       5.944  |   70      1950       1.951    7.89   |
|  30 Aug 2011       7.021  |   71      1943       1.933    6.58   |
|  08 Oct 2012       5.771  |   72      1956       1.834    5.26   |
|  24 Jul 2013       6.643  |   73      1942       1.651    3.95   |
|  14 Aug 2014       4.514  |   74      1951       1.044*   2.63   |
|  04 Sep 2015       4.473  |   75      1944       0.473*   1.32   |
|---------------------------|--------------------------------------|
                                                        * Outlier



<< Skew Weighting >>
-----------------------------------------------------------------
Based on 75 events, mean-square error of station skew =     0.436
Mean-square error of regional skew is undefined.
-----------------------------------------------------------------


<< Frequency Curve >>
COWICHAN-FLOW-DAY (7-day Min)
-------------------------------------------------------------------
|  Computed    Expected   |   Percent   |    Confidence Limits    |
|    Curve    Probability | Chance Non- |        0.05        0.95 |
|        FLOW, cms        | Exceedance  |        FLOW, cms        |
|-------------------------|-------------|-------------------------|
|       8.035       8.038 |     99.0    |       9.142       7.190 |
|       7.916       7.926 |     95.0    |       8.994       7.090 |
|       7.744       7.753 |     90.0    |       8.781       6.944 |
|       7.351       7.360 |     80.0    |       8.297       6.609 |
|       5.854       5.854 |     50.0    |       6.506       5.300 |
|       3.648       3.616 |     20.0    |       4.042       3.255 |
|       2.527       2.476 |     10.0    |       2.860       2.178 |
|       1.744       1.682 |      5.0    |       2.037       1.436 |
|       1.064       0.992 |      2.0    |       1.306       0.818 |
|       0.730       0.660 |      1.0    |       0.934       0.532 |
|       0.501       0.435 |      0.5    |       0.668       0.345 |
|       0.304       0.248 |      0.2    |       0.429       0.194 |
|-------------------------|-------------|-------------------------|


<< Systematic Statistics >>
COWICHAN-FLOW-DAY (7-day Min)
----------------------------------------------------------------
|        Log Transform:        |                               |
|          FLOW, cms           |       Number of Events        |
|------------------------------|-------------------------------|
|  Mean                 0.694  |  Historic Events           0  |
|  Standard Dev         0.226  |  High Outliers          0     |
|  Station Skew        -2.137  |  Low Outliers           2     |
|  Regional Skew          ---  |  Zero Events            0     |
|  Weighted Skew          ---  |  Missing Events         0     |
|  Adopted Skew        -2.137  |  Systematic Events        75  |
|------------------------------|-------------------------------|

--- End of Analytical Frequency Curve ---

Note: No ordinates specified for graphical frequency curve




====================================================================
Statistical Analysis of 15-day Minimum values
====================================================================

Note: Data are missing for all or part of 1 years in analysis period.


--- Preliminary Results ---


<< Skew Weighting >>
-----------------------------------------------------------------
Based on 75 events, mean-square error of station skew =     0.426
Mean-square error of regional skew is undefined.
-----------------------------------------------------------------


<< Frequency Curve >>
COWICHAN-FLOW-DAY (15-day Min)
-------------------------------------------------------------------
|  Computed    Expected   |   Percent   |    Confidence Limits    |
|    Curve    Probability | Chance Non- |        0.05        0.95 |
|        FLOW, cms        | Exceedance  |        FLOW, cms        |
|-------------------------|-------------|-------------------------|
|       8.247       8.250 |     99.0    |       9.321       7.423 |
|       8.120       8.130 |     95.0    |       9.165       7.316 |
|       7.942       7.952 |     90.0    |       8.946       7.165 |
|       7.545       7.554 |     80.0    |       8.460       6.824 |
|       6.061       6.061 |     50.0    |       6.695       5.519 |
|       3.875       3.844 |     20.0    |       4.270       3.480 |
|       2.745       2.693 |     10.0    |       3.085       2.386 |
|       1.939       1.875 |      5.0    |       2.245       1.615 |
|       1.222       1.144 |      2.0    |       1.482       0.954 |
|       0.860       0.782 |      1.0    |       1.084       0.638 |
|       0.605       0.530 |      0.5    |       0.793       0.426 |
|       0.380       0.315 |      0.2    |       0.525       0.249 |
|-------------------------|-------------|-------------------------|


<< Systematic Statistics >>
COWICHAN-FLOW-DAY (15-day Min)
----------------------------------------------------------------
|        Log Transform:        |                               |
|          FLOW, cms           |       Number of Events        |
|------------------------------|-------------------------------|
|  Mean                 0.715  |  Historic Events           0  |
|  Standard Dev         0.213  |  High Outliers          0     |
|  Station Skew        -2.101  |  Low Outliers           0     |
|  Regional Skew          ---  |  Zero Events            0     |
|  Weighted Skew          ---  |  Missing Events         0     |
|  Adopted Skew        -2.101  |  Systematic Events        75  |
|------------------------------|-------------------------------|

--- End of Preliminary Results ---




-----------------------
<< High Outlier Test >>
-----------------------
 Based on 75 events, 10 percent outlier test deviate K(N) = 2.917
                       Computed high outlier test value = 21.7161

         0 high outlier(s) identified above test value of 21.7161


----------------------
<< Low Outlier Test >>
----------------------
 Based on 75 events, 10 percent outlier test deviate K(N) = 2.917
                         Computed low outlier test value = 1.2368

           1 low outlier(s) identified below test value of 1.2368


   * * * * * * * * * * * * * * * * * * * * * * * * * * * * * *
   * Note - Collection of historical information and         *
   *        comparison with similar data should be explored, *
   *        if not incorporated in this analysis.            *
   * * * * * * * * * * * * * * * * * * * * * * * * * * * * * *

     Statistics and frequency curve adjusted for 1 low outlier(s)




--- Final Results ---

<< Plotting Positions >>
COWICHAN-FLOW-DAY (15-day Min)
--------------------------------------------------------------------
|     Events Analyzed       |            Ordered Events            |
|                     FLOW  |       Calendar        FLOW  Weibull  |
| Day Mon Year         cms  |  Rank     Year         cms  Plot Pos |
|---------------------------|--------------------------------------|
|  02 Sep 1941       3.190  |    1      1971       8.361   98.68   |
|  30 Sep 1942       1.731  |    2      1964       8.033   97.37   |
|  26 Sep 1943       1.949  |    3      1976       8.022   96.05   |
|  15 Sep 1944       0.564  |    4      1999       7.967   94.74   |
|  03 Sep 1945       2.974  |    5      1968       7.703   93.42   |
|  19 Oct 1946       3.341  |    6      1997       7.701   92.11   |
|  30 Sep 1947       2.077  |    7      1969       7.649   90.79   |
|  30 Aug 1948       5.181  |    8      1982       7.560   89.47   |
|  18 Sep 1949       4.519  |    9      1983       7.373   88.16   |
|  30 Sep 1950       2.222  |   10      2007       7.368   86.84   |
|  24 Sep 1951       1.340  |   11      1977       7.318   85.53   |
|  26 Oct 1952       2.788  |   12      1984       7.304   84.21   |
|  26 Sep 1953       2.463  |   13      2002       7.291   82.89   |
|  15 Sep 1954       6.853  |   14      1975       7.222   81.58   |
|  07 Oct 1955       4.674  |   15      1972       7.211   80.26   |
|  22 Sep 1956       2.291  |   16      1966       7.157   78.95   |
|  11 Sep 1957       6.606  |   17      1990       7.109   77.63   |
|  16 Sep 1958       2.190  |   18      2000       7.067   76.32   |
|  09 Sep 1959       6.873  |   19      2011       7.039   75.00   |
|  08 Aug 1960       6.049  |   20      1962       6.996   73.68   |
|  28 Aug 1961       4.489  |   21      1973       6.995   72.37   |
|  08 Aug 1962       6.996  |   22      1996       6.933   71.05   |
|  12 Oct 1963       5.613  |   23      2005       6.885   69.74   |
|  08 Sep 1964       8.033  |   24      1959       6.873   68.42   |
|  04 Oct 1965       6.036  |   25      1954       6.853   67.11   |
|  30 Aug 1966       7.157  |   26      1991       6.811   65.79   |
|  29 Sep 1967       6.196  |   27      1993       6.791   64.47   |
|  13 Aug 1968       7.703  |   28      1978       6.758   63.16   |
|  29 Aug 1969       7.649  |   29      2013       6.747   61.84   |
|  14 Aug 1970       5.953  |   30      2008       6.672   60.53   |
|  20 Aug 1971       8.361  |   31      1988       6.619   59.21   |
|  03 Nov 1972       7.211  |   32      1957       6.606   57.89   |
|  12 Oct 1973       6.995  |   33      1994       6.585   56.58   |
|  06 Nov 1974       5.773  |   34      1995       6.573   55.26   |
|  03 Aug 1975       7.222  |   35      1981       6.361   53.95   |
|  17 Aug 1976       8.022  |   36      2001       6.229   52.63   |
|  24 Jul 1977       7.318  |   37      1980       6.205   51.32   |
|  19 Aug 1978       6.758  |   38      1967       6.196   50.00   |
|  07 Jul 1979       5.672  |   39      1998       6.112   48.68   |
|  09 Sep 1980       6.205  |   40      1989       6.111   47.37   |
|  05 Sep 1981       6.361  |   41      1960       6.049   46.05   |
|  24 Aug 1982       7.560  |   42      1965       6.036   44.74   |
|  24 Aug 1983       7.373  |   43      2010       6.030   43.42   |
|  03 Aug 1984       7.304  |   44      1970       5.953   42.11   |
|  31 Aug 1985       4.686  |   45      2012       5.933   40.79   |
|  26 Oct 1986       5.239  |   46      2009       5.867   39.47   |
|  09 Nov 1987       5.468  |   47      1974       5.773   38.16   |
|  01 Sep 1988       6.619  |   48      1979       5.672   36.84   |
|  18 Oct 1989       6.111  |   49      1963       5.613   35.53   |
|  23 Aug 1990       7.109  |   50      1987       5.468   34.21   |
|  02 Aug 1991       6.811  |   51      1992       5.269   32.89   |
|  19 Aug 1992       5.269  |   52      1986       5.239   31.58   |
|  14 Aug 1993       6.791  |   53      1948       5.181   30.26   |
|  30 Sep 1994       6.585  |   54      1985       4.686   28.95   |
|  07 Jul 1995       6.573  |   55      1955       4.674   27.63   |
|  03 Aug 1996       6.933  |   56      2004       4.667   26.32   |
|  25 Aug 1997       7.701  |   57      2014       4.591   25.00   |
|  02 Oct 1998       6.112  |   58      2015       4.519   23.68   |
|  05 Oct 1999       7.967  |   59      1949       4.519   22.37   |
|  02 Sep 2000       7.067  |   60      1961       4.489   21.05   |
|  14 Aug 2001       6.229  |   61      2003       4.089   19.74   |
|  07 Nov 2002       7.291  |   62      2006       3.840   18.42   |
|  04 Oct 2003       4.089  |   63      1946       3.341   17.11   |
|  09 Jul 2004       4.667  |   64      1941       3.190   15.79   |
|  04 Sep 2005       6.885  |   65      1945       2.974   14.47   |
|  20 Sep 2006       3.840  |   66      1952       2.788   13.16   |
|  15 Jul 2007       7.368  |   67      1953       2.463   11.84   |
|  09 Aug 2008       6.672  |   68      1956       2.291   10.53   |
|  25 Sep 2009       5.867  |   69      1950       2.222    9.21   |
|  02 Sep 2010       6.030  |   70      1958       2.190    7.89   |
|  17 Sep 2011       7.039  |   71      1947       2.077    6.58   |
|  08 Oct 2012       5.933  |   72      1943       1.949    5.26   |
|  29 Jul 2013       6.747  |   73      1942       1.731    3.95   |
|  22 Aug 2014       4.591  |   74      1951       1.340    2.63   |
|  11 Sep 2015       4.519  |   75      1944       0.564*   1.32   |
|---------------------------|--------------------------------------|
                                                        * Outlier



<< Skew Weighting >>
-----------------------------------------------------------------
Based on 75 events, mean-square error of station skew =     0.426
Mean-square error of regional skew is undefined.
-----------------------------------------------------------------


<< Frequency Curve >>
COWICHAN-FLOW-DAY (15-day Min)
-------------------------------------------------------------------
|  Computed    Expected   |   Percent   |    Confidence Limits    |
|    Curve    Probability | Chance Non- |        0.05        0.95 |
|        FLOW, cms        | Exceedance  |        FLOW, cms        |
|-------------------------|-------------|-------------------------|
|       8.247       8.250 |     99.0    |       9.321       7.423 |
|       8.120       8.130 |     95.0    |       9.165       7.316 |
|       7.942       7.952 |     90.0    |       8.946       7.165 |
|       7.545       7.554 |     80.0    |       8.460       6.824 |
|       6.061       6.061 |     50.0    |       6.695       5.519 |
|       3.875       3.844 |     20.0    |       4.270       3.480 |
|       2.745       2.693 |     10.0    |       3.085       2.386 |
|       1.939       1.875 |      5.0    |       2.245       1.615 |
|       1.222       1.144 |      2.0    |       1.482       0.954 |
|       0.860       0.782 |      1.0    |       1.084       0.638 |
|       0.605       0.530 |      0.5    |       0.793       0.426 |
|       0.380       0.315 |      0.2    |       0.525       0.249 |
|-------------------------|-------------|-------------------------|


<< Systematic Statistics >>
COWICHAN-FLOW-DAY (15-day Min)
----------------------------------------------------------------
|        Log Transform:        |                               |
|          FLOW, cms           |       Number of Events        |
|------------------------------|-------------------------------|
|  Mean                 0.715  |  Historic Events           0  |
|  Standard Dev         0.213  |  High Outliers          0     |
|  Station Skew        -2.101  |  Low Outliers           1     |
|  Regional Skew          ---  |  Zero Events            0     |
|  Weighted Skew          ---  |  Missing Events         0     |
|  Adopted Skew        -2.101  |  Systematic Events        75  |
|------------------------------|-------------------------------|

--- End of Analytical Frequency Curve ---

Note: No ordinates specified for graphical frequency curve




====================================================================
Statistical Analysis of 30-day Minimum values
====================================================================

Note: Data are missing for all or part of 1 years in analysis period.


--- Preliminary Results ---


<< Skew Weighting >>
-----------------------------------------------------------------
Based on 75 events, mean-square error of station skew =     0.408
Mean-square error of regional skew is undefined.
-----------------------------------------------------------------


<< Frequency Curve >>
COWICHAN-FLOW-DAY (30-day Min)
-------------------------------------------------------------------
|  Computed    Expected   |   Percent   |    Confidence Limits    |
|    Curve    Probability | Chance Non- |        0.05        0.95 |
|        FLOW, cms        | Exceedance  |        FLOW, cms        |
|-------------------------|-------------|-------------------------|
|       8.674       8.678 |     99.0    |       9.735       7.857 |
|       8.526       8.538 |     95.0    |       9.554       7.732 |
|       8.331       8.342 |     90.0    |       9.315       7.564 |
|       7.913       7.922 |     80.0    |       8.807       7.204 |
|       6.407       6.407 |     50.0    |       7.029       5.871 |
|       4.214       4.182 |     20.0    |       4.614       3.810 |
|       3.062       3.008 |     10.0    |       3.415       2.686 |
|       2.223       2.155 |      5.0    |       2.548       1.874 |
|       1.454       1.370 |      2.0    |       1.740       1.156 |
|       1.054       0.967 |      1.0    |       1.306       0.800 |
|       0.764       0.677 |      0.5    |       0.981       0.553 |
|       0.499       0.421 |      0.2    |       0.673       0.339 |
|-------------------------|-------------|-------------------------|


<< Systematic Statistics >>
COWICHAN-FLOW-DAY (30-day Min)
----------------------------------------------------------------
|        Log Transform:        |                               |
|          FLOW, cms           |       Number of Events        |
|------------------------------|-------------------------------|
|  Mean                 0.745  |  Historic Events           0  |
|  Standard Dev         0.199  |  High Outliers          0     |
|  Station Skew        -2.040  |  Low Outliers           0     |
|  Regional Skew          ---  |  Zero Events            0     |
|  Weighted Skew          ---  |  Missing Events         0     |
|  Adopted Skew        -2.040  |  Systematic Events        75  |
|------------------------------|-------------------------------|

--- End of Preliminary Results ---




-----------------------
<< High Outlier Test >>
-----------------------
 Based on 75 events, 10 percent outlier test deviate K(N) = 2.917
                       Computed high outlier test value = 21.1494

         0 high outlier(s) identified above test value of 21.1494


----------------------
<< Low Outlier Test >>
----------------------
 Based on 75 events, 10 percent outlier test deviate K(N) = 2.917
                         Computed low outlier test value = 1.4587

           2 low outlier(s) identified below test value of 1.4587


   * * * * * * * * * * * * * * * * * * * * * * * * * * * * * *
   * Note - Collection of historical information and         *
   *        comparison with similar data should be explored, *
   *        if not incorporated in this analysis.            *
   * * * * * * * * * * * * * * * * * * * * * * * * * * * * * *

     Statistics and frequency curve adjusted for 2 low outlier(s)




--- Final Results ---

<< Plotting Positions >>
COWICHAN-FLOW-DAY (30-day Min)
--------------------------------------------------------------------
|     Events Analyzed       |            Ordered Events            |
|                     FLOW  |       Calendar        FLOW  Weibull  |
| Day Mon Year         cms  |  Rank     Year         cms  Plot Pos |
|---------------------------|--------------------------------------|
|  07 Sep 1941       3.687  |    1      1976      10.018   98.68   |
|  08 Oct 1942       2.098  |    2      1962       9.498   97.37   |
|  04 Oct 1943       2.093  |    3      1971       9.266   96.05   |
|  21 Sep 1944       0.721  |    4      1968       8.679   94.74   |
|  23 Oct 1945       3.343  |    5      1964       8.397   93.42   |
|  21 Oct 1946       3.650  |    6      1997       8.302   92.11   |
|  01 Oct 1947       2.274  |    7      1999       8.051   90.79   |
|  02 Sep 1948       5.903  |    8      1969       7.738   89.47   |
|  03 Oct 1949       5.239  |    9      1983       7.687   88.16   |
|  05 Oct 1950       2.572  |   10      1982       7.578   86.84   |
|  24 Sep 1951       1.413  |   11      1972       7.553   85.53   |
|  27 Oct 1952       3.057  |   12      2002       7.521   84.21   |
|  27 Sep 1953       2.949  |   13      2007       7.480   82.89   |
|  18 Sep 1954       7.376  |   14      1954       7.376   81.58   |
|  08 Oct 1955       5.176  |   15      1977       7.356   80.26   |
|  25 Sep 1956       3.446  |   16      1984       7.353   78.95   |
|  26 Sep 1957       6.962  |   17      1966       7.274   77.63   |
|  18 Sep 1958       2.594  |   18      1975       7.261   76.32   |
|  09 Sep 1959       6.916  |   19      1974       7.247   75.00   |
|  16 Aug 1960       6.789  |   20      1973       7.193   73.68   |
|  28 Aug 1961       4.652  |   21      1990       7.188   72.37   |
|  10 Aug 1962       9.498  |   22      2000       7.125   71.05   |
|  13 Oct 1963       6.194  |   23      2011       7.068   69.74   |
|  18 Sep 1964       8.397  |   24      1991       7.019   68.42   |
|  11 Aug 1965       6.823  |   25      1996       6.990   67.11   |
|  07 Sep 1966       7.274  |   26      1957       6.962   65.79   |
|  29 Sep 1967       6.326  |   27      2005       6.938   64.47   |
|  23 Aug 1968       8.679  |   28      1959       6.916   63.16   |
|  14 Sep 1969       7.738  |   29      1993       6.874   61.84   |
|  22 Aug 1970       5.971  |   30      2013       6.859   60.53   |
|  25 Aug 1971       9.266  |   31      1989       6.852   59.21   |
|  17 Sep 1972       7.553  |   32      1965       6.823   57.89   |
|  12 Oct 1973       7.193  |   33      1994       6.822   56.58   |
|  08 Nov 1974       7.247  |   34      2008       6.810   55.26   |
|  16 Aug 1975       7.261  |   35      1981       6.807   53.95   |
|  19 Aug 1976      10.018  |   36      1978       6.799   52.63   |
|  28 Jul 1977       7.356  |   37      1960       6.789   51.32   |
|  25 Aug 1978       6.799  |   38      1980       6.778   50.00   |
|  15 Jul 1979       5.747  |   39      1995       6.673   48.68   |
|  14 Sep 1980       6.778  |   40      1988       6.629   47.37   |
|  15 Sep 1981       6.807  |   41      2012       6.400   46.05   |
|  08 Sep 1982       7.578  |   42      1986       6.347   44.74   |
|  03 Sep 1983       7.687  |   43      1967       6.326   43.42   |
|  18 Aug 1984       7.353  |   44      2001       6.305   42.11   |
|  07 Sep 1985       4.816  |   45      1998       6.214   40.79   |
|  30 Oct 1986       6.347  |   46      1963       6.194   39.47   |
|  10 Nov 1987       5.585  |   47      2010       6.045   38.16   |
|  04 Sep 1988       6.629  |   48      1970       5.971   36.84   |
|  20 Oct 1989       6.852  |   49      2009       5.925   35.53   |
|  07 Sep 1990       7.188  |   50      1948       5.903   34.21   |
|  02 Aug 1991       7.019  |   51      1979       5.747   32.89   |
|  03 Sep 1992       5.407  |   52      1987       5.585   31.58   |
|  25 Sep 1993       6.874  |   53      1992       5.407   30.26   |
|  30 Sep 1994       6.822  |   54      1949       5.239   28.95   |
|  18 Jul 1995       6.673  |   55      1955       5.176   27.63   |
|  19 Aug 1996       6.990  |   56      1985       4.816   26.32   |
|  13 Sep 1997       8.302  |   57      2004       4.691   25.00   |
|  02 Oct 1998       6.214  |   58      2014       4.652   23.68   |
|  06 Oct 1999       8.051  |   59      1961       4.652   22.37   |
|  11 Sep 2000       7.125  |   60      2015       4.593   21.05   |
|  25 Aug 2001       6.305  |   61      2006       4.179   19.74   |
|  07 Nov 2002       7.521  |   62      2003       4.129   18.42   |
|  05 Oct 2003       4.129  |   63      1941       3.687   17.11   |
|  26 Jul 2004       4.691  |   64      1946       3.650   15.79   |
|  18 Sep 2005       6.938  |   65      1956       3.446   14.47   |
|  05 Oct 2006       4.179  |   66      1945       3.343   13.16   |
|  22 Jul 2007       7.480  |   67      1952       3.057   11.84   |
|  23 Aug 2008       6.810  |   68      1953       2.949   10.53   |
|  21 Sep 2009       5.925  |   69      1958       2.594    9.21   |
|  18 Sep 2010       6.045  |   70      1950       2.572    7.89   |
|  16 Sep 2011       7.068  |   71      1947       2.274    6.58   |
|  08 Oct 2012       6.400  |   72      1942       2.098    5.26   |
|  12 Aug 2013       6.859  |   73      1943       2.093    3.95   |
|  05 Sep 2014       4.652  |   74      1951       1.413*   2.63   |
|  13 Sep 2015       4.593  |   75      1944       0.721*   1.32   |
|---------------------------|--------------------------------------|
                                                        * Outlier



<< Skew Weighting >>
-----------------------------------------------------------------
Based on 75 events, mean-square error of station skew =     0.408
Mean-square error of regional skew is undefined.
-----------------------------------------------------------------


<< Frequency Curve >>
COWICHAN-FLOW-DAY (30-day Min)
-------------------------------------------------------------------
|  Computed    Expected   |   Percent   |    Confidence Limits    |
|    Curve    Probability | Chance Non- |        0.05        0.95 |
|        FLOW, cms        | Exceedance  |        FLOW, cms        |
|-------------------------|-------------|-------------------------|
|       8.674       8.678 |     99.0    |       9.735       7.857 |
|       8.526       8.538 |     95.0    |       9.554       7.732 |
|       8.331       8.342 |     90.0    |       9.315       7.564 |
|       7.913       7.922 |     80.0    |       8.807       7.204 |
|       6.407       6.407 |     50.0    |       7.029       5.871 |
|       4.214       4.182 |     20.0    |       4.614       3.810 |
|       3.062       3.008 |     10.0    |       3.415       2.686 |
|       2.223       2.155 |      5.0    |       2.548       1.874 |
|       1.454       1.370 |      2.0    |       1.740       1.156 |
|       1.054       0.967 |      1.0    |       1.306       0.800 |
|       0.764       0.677 |      0.5    |       0.981       0.553 |
|       0.499       0.421 |      0.2    |       0.673       0.339 |
|-------------------------|-------------|-------------------------|


<< Systematic Statistics >>
COWICHAN-FLOW-DAY (30-day Min)
----------------------------------------------------------------
|        Log Transform:        |                               |
|          FLOW, cms           |       Number of Events        |
|------------------------------|-------------------------------|
|  Mean                 0.745  |  Historic Events           0  |
|  Standard Dev         0.199  |  High Outliers          0     |
|  Station Skew        -2.040  |  Low Outliers           2     |
|  Regional Skew          ---  |  Zero Events            0     |
|  Weighted Skew          ---  |  Missing Events         0     |
|  Adopted Skew        -2.040  |  Systematic Events        75  |
|------------------------------|-------------------------------|

--- End of Analytical Frequency Curve ---

Note: No ordinates specified for graphical frequency curve

