-----------------------------
Volume-Duration Analysis
   23 Jan 2017   12:05 PM
-----------------------------


--- Input Data ---

Analysis Name: Carl6 -TEST
Description: 

Data Set Name: Carl5_Test-FLOW-DAY
DSS File Name: C:\Users\rgpike\HEC Software\Carl3\Carl3.dss
DSS Pathname: ///FLOW-DAY//1DAY//

Project Path: C:\Users\rgpike\HEC Software\Carl3
Report File Name: C:\Users\rgpike\HEC Software\Carl3\VolumeFrequencyAnalysisResults\Carl6_-TEST\Carl6_-TEST.rpt
Result File Name: C:\Users\rgpike\HEC Software\Carl3\VolumeFrequencyAnalysisResults\Carl6_-TEST\Carl6_-TEST.xml

Analyze Minimums

Analysis Year: Calendar Year

Record Start Date: 31 Dec 1964
Record End Date:   31 Dec 2012


User-Specified Durations
   Duration:   1 day
   Duration:   3 days
   Duration:   7 days
   Duration:  15 days
   Duration:  30 days
   Duration:  60 days
   Duration:  90 days
   Duration: 120 days
   Duration: 183 days

Plotting Position Type: Weibull

Probability Distribution Type: Pearson Type III
Use Log Transform
Compute Expected Probability Curve

Upper Confidence Level: 0.05
Lower Confidence Level: 0.95

Use Default Frequencies

Skew Option: Use Station Skew

Display ordinate values using 3 digits in fraction part of value

--- End of Input Data ---




====================================================================
Statistical Analysis of 1-day Minimum values
====================================================================

Note: Data are missing for all or part of 0 years in analysis period.



-----------------------
<< High Outlier Test >>
-----------------------
 Based on 48 events, 10 percent outlier test deviate K(N) = 2.753
                        Computed high outlier test value = 8.4346

          0 high outlier(s) identified above test value of 8.4346


----------------------
<< Low Outlier Test >>
----------------------
 Based on 48 events, 10 percent outlier test deviate K(N) = 2.753
                         Computed low outlier test value = 2.3595

           0 low outlier(s) identified below test value of 2.3595





--- Final Results ---

<< Plotting Positions >>
Carl5_Test-FLOW-DAY (1-day Min)
--------------------------------------------------------------------
|     Events Analyzed       |            Ordered Events            |
|                     FLOW  |       Calendar        FLOW  Weibull  |
| Day Mon Year         cms  |  Rank     Year         cms  Plot Pos |
|---------------------------|--------------------------------------|
|  03 Oct 1965       3.540  |    1      1997       7.450   97.96   |
|  03 Aug 1966       5.800  |    2      1975       6.430   95.92   |
|  31 Aug 1967       4.110  |    3      1999       6.010   93.88   |
|  06 Aug 1968       5.100  |    4      1971       6.000   91.84   |
|  16 Aug 1969       4.980  |    5      1972       5.830   89.80   |
|  22 Jul 1970       4.250  |    6      1966       5.800   87.76   |
|  11 Aug 1971       6.000  |    7      1983       5.710   85.71   |
|  30 Oct 1972       5.830  |    8      2011       5.680   83.67   |
|  12 Oct 1973       3.110  |    9      2007       5.640   81.63   |
|  04 Nov 1974       3.280  |   10      2009       5.480   79.59   |
|  25 Jul 1975       6.430  |   11      1982       5.320   77.55   |
|  10 Aug 1976       4.620  |   12      2008       5.300   75.51   |
|  15 Aug 1977       4.160  |   13      2000       5.230   73.47   |
|  31 Jul 1978       4.640  |   14      1968       5.100   71.43   |
|  06 Jul 1979       3.840  |   15      2002       4.980   69.39   |
|  31 Aug 1980       4.420  |   16      1969       4.980   67.35   |
|  09 Sep 1981       4.660  |   17      2005       4.960   65.31   |
|  01 Aug 1982       5.320  |   18      1993       4.890   63.27   |
|  13 Aug 1983       5.710  |   19      1990       4.890   61.22   |
|  21 Jul 1984       4.120  |   20      1994       4.800   59.18   |
|  29 Aug 1985       3.360  |   21      1995       4.670   57.14   |
|  24 Oct 1986       3.450  |   22      1981       4.660   55.10   |
|  09 Aug 1987       3.600  |   23      1978       4.640   53.06   |
|  31 Aug 1988       4.140  |   24      1996       4.630   51.02   |
|  07 Oct 1989       4.080  |   25      1976       4.620   48.98   |
|  15 Aug 1990       4.890  |   26      1991       4.610   46.94   |
|  21 Aug 1991       4.610  |   27      1980       4.420   44.90   |
|  08 Aug 1992       3.740  |   28      2010       4.390   42.86   |
|  03 Oct 1993       4.890  |   29      1970       4.250   40.82   |
|  21 Aug 1994       4.800  |   30      2001       4.210   38.78   |
|  24 Jun 1995       4.670  |   31      1977       4.160   36.73   |
|  26 Aug 1996       4.630  |   32      1988       4.140   34.69   |
|  19 Aug 1997       7.450  |   33      1984       4.120   32.65   |
|  21 Sep 1998       3.960  |   34      1967       4.110   30.61   |
|  17 Sep 1999       6.010  |   35      1989       4.080   28.57   |
|  02 Sep 2000       5.230  |   36      1998       3.960   26.53   |
|  18 Aug 2001       4.210  |   37      1979       3.840   24.49   |
|  05 Nov 2002       4.980  |   38      1992       3.740   22.45   |
|  28 Sep 2003       2.680  |   39      1987       3.600   20.41   |
|  15 Aug 2004       2.770  |   40      2012       3.550   18.37   |
|  09 Aug 2005       4.960  |   41      1965       3.540   16.33   |
|  13 Sep 2006       2.580  |   42      1986       3.450   14.29   |
|  16 Jul 2007       5.640  |   43      1985       3.360   12.24   |
|  05 Aug 2008       5.300  |   44      1974       3.280   10.20   |
|  30 Aug 2009       5.480  |   45      1973       3.110    8.16   |
|  30 Aug 2010       4.390  |   46      2004       2.770    6.12   |
|  13 Sep 2011       5.680  |   47      2003       2.680    4.08   |
|  07 Oct 2012       3.550  |   48      2006       2.580    2.04   |
|---------------------------|--------------------------------------|



<< Skew Weighting >>
-----------------------------------------------------------------
Based on 48 events, mean-square error of station skew =     0.135
Mean-square error of regional skew is undefined.
-----------------------------------------------------------------


<< Frequency Curve >>
Carl5_Test-FLOW-DAY (1-day Min)
-------------------------------------------------------------------
|  Computed    Expected   |   Percent   |    Confidence Limits    |
|    Curve    Probability | Chance Non- |        0.05        0.95 |
|        FLOW, cms        | Exceedance  |        FLOW, cms        |
|-------------------------|-------------|-------------------------|
|       7.140       7.263 |     99.0    |       7.995       6.556 |
|       6.348       6.406 |     95.0    |       6.971       5.904 |
|       5.932       5.967 |     90.0    |       6.447       5.552 |
|       5.437       5.455 |     80.0    |       5.840       5.122 |
|       4.530       4.530 |     50.0    |       4.792       4.286 |
|       3.693       3.677 |     20.0    |       3.918       3.442 |
|       3.290       3.261 |     10.0    |       3.521       3.018 |
|       2.976       2.934 |      5.0    |       3.218       2.688 |
|       2.645       2.582 |      2.0    |       2.898       2.340 |
|       2.438       2.358 |      1.0    |       2.698       2.125 |
|       2.257       2.161 |      0.5    |       2.523       1.939 |
|       2.050       1.933 |      0.2    |       2.320       1.730 |
|-------------------------|-------------|-------------------------|


<< Systematic Statistics >>
Carl5_Test-FLOW-DAY (1-day Min)
----------------------------------------------------------------
|        Log Transform:        |                               |
|          FLOW, cms           |       Number of Events        |
|------------------------------|-------------------------------|
|  Mean                 0.649  |  Historic Events           0  |
|  Standard Dev         0.100  |  High Outliers          0     |
|  Station Skew        -0.396  |  Low Outliers           0     |
|  Regional Skew          ---  |  Zero Events            0     |
|  Weighted Skew          ---  |  Missing Events         0     |
|  Adopted Skew        -0.396  |  Systematic Events        48  |
|------------------------------|-------------------------------|

--- End of Analytical Frequency Curve ---

Note: No ordinates specified for graphical frequency curve




====================================================================
Statistical Analysis of 3-day Minimum values
====================================================================

Note: Data are missing for all or part of 1 years in analysis period.



-----------------------
<< High Outlier Test >>
-----------------------
 Based on 48 events, 10 percent outlier test deviate K(N) = 2.753
                        Computed high outlier test value = 8.5071

          0 high outlier(s) identified above test value of 8.5071


----------------------
<< Low Outlier Test >>
----------------------
 Based on 48 events, 10 percent outlier test deviate K(N) = 2.753
                         Computed low outlier test value = 2.4959

           0 low outlier(s) identified below test value of 2.4959





--- Final Results ---

<< Plotting Positions >>
Carl5_Test-FLOW-DAY (3-day Min)
--------------------------------------------------------------------
|     Events Analyzed       |            Ordered Events            |
|                     FLOW  |       Calendar        FLOW  Weibull  |
| Day Mon Year         cms  |  Rank     Year         cms  Plot Pos |
|---------------------------|--------------------------------------|
|  03 Oct 1965       3.747  |    1      1997       7.520   97.96   |
|  12 Aug 1966       5.937  |    2      1975       6.713   95.92   |
|  13 Sep 1967       4.110  |    3      1971       6.293   93.88   |
|  07 Aug 1968       5.223  |    4      1999       6.120   91.84   |
|  26 Aug 1969       4.980  |    5      1972       6.000   89.80   |
|  23 Jul 1970       4.343  |    6      1966       5.937   87.76   |
|  12 Aug 1971       6.293  |    7      2011       5.840   85.71   |
|  30 Oct 1972       6.000  |    8      1983       5.747   83.67   |
|  10 Sep 1973       4.470  |    9      2007       5.680   81.63   |
|  05 Nov 1974       3.443  |   10      2009       5.533   79.59   |
|  26 Jul 1975       6.713  |   11      1982       5.360   77.55   |
|  10 Aug 1976       4.977  |   12      2008       5.330   75.51   |
|  15 Aug 1977       4.643  |   13      2000       5.300   73.47   |
|  01 Aug 1978       4.700  |   14      1968       5.223   71.43   |
|  07 Jul 1979       3.920  |   15      2002       5.107   69.39   |
|  31 Aug 1980       4.430  |   16      1993       5.060   67.35   |
|  06 Sep 1981       4.833  |   17      2005       5.020   65.31   |
|  22 Aug 1982       5.360  |   18      1969       4.980   63.27   |
|  21 Aug 1983       5.747  |   19      1976       4.977   61.22   |
|  21 Jul 1984       4.420  |   20      1990       4.967   59.18   |
|  22 Aug 1985       3.617  |   21      1994       4.880   57.14   |
|  24 Oct 1986       3.490  |   22      1981       4.833   55.10   |
|  10 Aug 1987       3.733  |   23      1995       4.800   53.06   |
|  01 Sep 1988       4.417  |   24      1991       4.707   51.02   |
|  08 Oct 1989       4.120  |   25      1978       4.700   48.98   |
|  15 Aug 1990       4.967  |   26      1996       4.650   46.94   |
|  29 Jul 1991       4.707  |   27      1977       4.643   44.90   |
|  08 Aug 1992       3.790  |   28      1973       4.470   42.86   |
|  04 Sep 1993       5.060  |   29      2010       4.460   40.82   |
|  22 Aug 1994       4.880  |   30      1980       4.430   38.78   |
|  25 Jun 1995       4.800  |   31      1984       4.420   36.73   |
|  26 Aug 1996       4.650  |   32      1988       4.417   34.69   |
|  24 Aug 1997       7.520  |   33      1970       4.343   32.65   |
|  06 Sep 1998       3.997  |   34      2001       4.227   30.61   |
|  18 Sep 1999       6.120  |   35      1989       4.120   28.57   |
|  02 Sep 2000       5.300  |   36      1967       4.110   26.53   |
|  20 Aug 2001       4.227  |   37      1998       3.997   24.49   |
|  05 Nov 2002       5.107  |   38      1979       3.920   22.45   |
|  04 Oct 2003       2.750  |   39      1992       3.790   20.41   |
|  16 Aug 2004       2.823  |   40      1965       3.747   18.37   |
|  09 Aug 2005       5.020  |   41      1987       3.733   16.33   |
|  14 Sep 2006       2.617  |   42      1985       3.617   14.29   |
|  17 Jul 2007       5.680  |   43      2012       3.597   12.24   |
|  07 Aug 2008       5.330  |   44      1986       3.490   10.20   |
|  21 Sep 2009       5.533  |   45      1974       3.443    8.16   |
|  17 Sep 2010       4.460  |   46      2004       2.823    6.12   |
|  15 Sep 2011       5.840  |   47      2003       2.750    4.08   |
|  08 Oct 2012       3.597  |   48      2006       2.617    2.04   |
|---------------------------|--------------------------------------|



<< Skew Weighting >>
-----------------------------------------------------------------
Based on 48 events, mean-square error of station skew =     0.142
Mean-square error of regional skew is undefined.
-----------------------------------------------------------------


<< Frequency Curve >>
Carl5_Test-FLOW-DAY (3-day Min)
-------------------------------------------------------------------
|  Computed    Expected   |   Percent   |    Confidence Limits    |
|    Curve    Probability | Chance Non- |        0.05        0.95 |
|        FLOW, cms        | Exceedance  |        FLOW, cms        |
|-------------------------|-------------|-------------------------|
|       7.154       7.263 |     99.0    |       7.960       6.599 |
|       6.435       6.489 |     95.0    |       7.036       6.004 |
|       6.047       6.080 |     90.0    |       6.548       5.674 |
|       5.576       5.593 |     80.0    |       5.973       5.264 |
|       4.689       4.689 |     50.0    |       4.951       4.446 |
|       3.847       3.831 |     20.0    |       4.072       3.596 |
|       3.433       3.404 |     10.0    |       3.666       3.160 |
|       3.108       3.064 |      5.0    |       3.352       2.816 |
|       2.763       2.696 |      2.0    |       3.020       2.452 |
|       2.544       2.461 |      1.0    |       2.810       2.224 |
|       2.354       2.252 |      0.5    |       2.625       2.028 |
|       2.135       2.011 |      0.2    |       2.412       1.806 |
|-------------------------|-------------|-------------------------|


<< Systematic Statistics >>
Carl5_Test-FLOW-DAY (3-day Min)
----------------------------------------------------------------
|        Log Transform:        |                               |
|          FLOW, cms           |       Number of Events        |
|------------------------------|-------------------------------|
|  Mean                 0.664  |  Historic Events           0  |
|  Standard Dev         0.097  |  High Outliers          0     |
|  Station Skew        -0.473  |  Low Outliers           0     |
|  Regional Skew          ---  |  Zero Events            0     |
|  Weighted Skew          ---  |  Missing Events         0     |
|  Adopted Skew        -0.473  |  Systematic Events        48  |
|------------------------------|-------------------------------|

--- End of Analytical Frequency Curve ---

Note: No ordinates specified for graphical frequency curve




====================================================================
Statistical Analysis of 7-day Minimum values
====================================================================

Note: Data are missing for all or part of 1 years in analysis period.



-----------------------
<< High Outlier Test >>
-----------------------
 Based on 48 events, 10 percent outlier test deviate K(N) = 2.753
                        Computed high outlier test value = 8.7179

          0 high outlier(s) identified above test value of 8.7179


----------------------
<< Low Outlier Test >>
----------------------
 Based on 48 events, 10 percent outlier test deviate K(N) = 2.753
                         Computed low outlier test value = 2.6243

           0 low outlier(s) identified below test value of 2.6243





--- Final Results ---

<< Plotting Positions >>
Carl5_Test-FLOW-DAY (7-day Min)
--------------------------------------------------------------------
|     Events Analyzed       |            Ordered Events            |
|                     FLOW  |       Calendar        FLOW  Weibull  |
| Day Mon Year         cms  |  Rank     Year         cms  Plot Pos |
|---------------------------|--------------------------------------|
|  03 Oct 1965       4.224  |    1      1997       7.590   97.96   |
|  13 Aug 1966       6.306  |    2      1975       6.923   95.92   |
|  26 Sep 1967       4.320  |    3      1971       6.719   93.88   |
|  10 Aug 1968       5.259  |    4      1966       6.306   91.84   |
|  28 Aug 1969       5.071  |    5      1999       6.236   89.80   |
|  25 Jul 1970       4.643  |    6      1972       6.141   87.76   |
|  13 Aug 1971       6.719  |    7      2011       5.893   85.71   |
|  18 Sep 1972       6.141  |    8      1983       5.857   83.67   |
|  06 Oct 1973       4.570  |    9      2007       5.810   81.63   |
|  05 Nov 1974       3.713  |   10      2009       5.579   79.59   |
|  29 Jul 1975       6.923  |   11      2008       5.449   77.55   |
|  12 Aug 1976       5.406  |   12      1976       5.406   75.51   |
|  15 Aug 1977       4.976  |   13      2000       5.391   73.47   |
|  03 Aug 1978       4.780  |   14      1982       5.381   71.43   |
|  26 Jun 1979       3.941  |   15      2002       5.317   69.39   |
|  01 Sep 1980       4.897  |   16      1968       5.259   67.35   |
|  10 Sep 1981       4.931  |   17      1990       5.246   65.31   |
|  07 Aug 1982       5.381  |   18      2005       5.131   63.27   |
|  21 Aug 1983       5.857  |   19      1993       5.090   61.22   |
|  25 Jul 1984       5.021  |   20      1969       5.071   59.18   |
|  31 Aug 1985       3.717  |   21      1994       5.037   57.14   |
|  25 Oct 1986       3.680  |   22      1984       5.021   55.10   |
|  10 Nov 1987       3.969  |   23      1977       4.976   53.06   |
|  11 Aug 1988       4.530  |   24      1981       4.931   51.02   |
|  11 Oct 1989       4.369  |   25      1980       4.897   48.98   |
|  15 Aug 1990       5.246  |   26      1995       4.873   46.94   |
|  02 Aug 1991       4.766  |   27      1978       4.780   44.90   |
|  11 Aug 1992       4.003  |   28      1991       4.766   42.86   |
|  08 Sep 1993       5.090  |   29      1996       4.720   40.82   |
|  02 Sep 1994       5.037  |   30      1970       4.643   38.78   |
|  30 Jun 1995       4.873  |   31      1973       4.570   36.73   |
|  30 Aug 1996       4.720  |   32      2010       4.561   34.69   |
|  24 Aug 1997       7.590  |   33      1988       4.530   32.65   |
|  07 Sep 1998       4.019  |   34      1989       4.369   30.61   |
|  18 Sep 1999       6.236  |   35      1967       4.320   28.57   |
|  03 Sep 2000       5.391  |   36      2001       4.264   26.53   |
|  20 Aug 2001       4.264  |   37      1965       4.224   24.49   |
|  06 Nov 2002       5.317  |   38      2012       4.139   22.45   |
|  04 Oct 2003       2.770  |   39      1998       4.019   20.41   |
|  20 Aug 2004       2.889  |   40      1992       4.003   18.37   |
|  10 Aug 2005       5.131  |   41      1987       3.969   16.33   |
|  16 Sep 2006       2.660  |   42      1979       3.941   14.29   |
|  02 Sep 2007       5.810  |   43      1985       3.717   12.24   |
|  08 Aug 2008       5.449  |   44      1974       3.713   10.20   |
|  25 Sep 2009       5.579  |   45      1986       3.680    8.16   |
|  30 Aug 2010       4.561  |   46      2004       2.889    6.12   |
|  17 Sep 2011       5.893  |   47      2003       2.770    4.08   |
|  03 Oct 2012       4.139  |   48      2006       2.660    2.04   |
|---------------------------|--------------------------------------|



<< Skew Weighting >>
-----------------------------------------------------------------
Based on 48 events, mean-square error of station skew =     0.155
Mean-square error of regional skew is undefined.
-----------------------------------------------------------------


<< Frequency Curve >>
Carl5_Test-FLOW-DAY (7-day Min)
-------------------------------------------------------------------
|  Computed    Expected   |   Percent   |    Confidence Limits    |
|    Curve    Probability | Chance Non- |        0.05        0.95 |
|        FLOW, cms        | Exceedance  |        FLOW, cms        |
|-------------------------|-------------|-------------------------|
|       7.174       7.262 |     99.0    |       7.930       6.648 |
|       6.559       6.606 |     95.0    |       7.144       6.135 |
|       6.207       6.237 |     90.0    |       6.706       5.836 |
|       5.766       5.782 |     80.0    |       6.168       5.450 |
|       4.893       4.893 |     50.0    |       5.161       4.645 |
|       4.020       4.003 |     20.0    |       4.250       3.764 |
|       3.579       3.547 |     10.0    |       3.817       3.299 |
|       3.228       3.180 |      5.0    |       3.479       2.926 |
|       2.851       2.778 |      2.0    |       3.117       2.529 |
|       2.612       2.520 |      1.0    |       2.887       2.280 |
|       2.402       2.290 |      0.5    |       2.684       2.064 |
|       2.161       2.024 |      0.2    |       2.448       1.820 |
|-------------------------|-------------|-------------------------|


<< Systematic Statistics >>
Carl5_Test-FLOW-DAY (7-day Min)
----------------------------------------------------------------
|        Log Transform:        |                               |
|          FLOW, cms           |       Number of Events        |
|------------------------------|-------------------------------|
|  Mean                 0.680  |  Historic Events           0  |
|  Standard Dev         0.095  |  High Outliers          0     |
|  Station Skew        -0.629  |  Low Outliers           0     |
|  Regional Skew          ---  |  Zero Events            0     |
|  Weighted Skew          ---  |  Missing Events         0     |
|  Adopted Skew        -0.629  |  Systematic Events        48  |
|------------------------------|-------------------------------|

--- End of Analytical Frequency Curve ---

Note: No ordinates specified for graphical frequency curve




====================================================================
Statistical Analysis of 15-day Minimum values
====================================================================

Note: Data are missing for all or part of 1 years in analysis period.



-----------------------
<< High Outlier Test >>
-----------------------
 Based on 48 events, 10 percent outlier test deviate K(N) = 2.753
                        Computed high outlier test value = 8.8629

          0 high outlier(s) identified above test value of 8.8629


----------------------
<< Low Outlier Test >>
----------------------
 Based on 48 events, 10 percent outlier test deviate K(N) = 2.753
                         Computed low outlier test value = 2.7702

           0 low outlier(s) identified below test value of 2.7702





--- Final Results ---

<< Plotting Positions >>
Carl5_Test-FLOW-DAY (15-day Min)
--------------------------------------------------------------------
|     Events Analyzed       |            Ordered Events            |
|                     FLOW  |       Calendar        FLOW  Weibull  |
| Day Mon Year         cms  |  Rank     Year         cms  Plot Pos |
|---------------------------|--------------------------------------|
|  03 Oct 1965       4.633  |    1      1997       7.877   97.96   |
|  17 Aug 1966       6.419  |    2      1975       7.053   95.92   |
|  25 Sep 1967       4.415  |    3      1971       6.853   93.88   |
|  13 Aug 1968       5.563  |    4      1966       6.419   91.84   |
|  29 Aug 1969       5.262  |    5      1999       6.327   89.80   |
|  27 Aug 1970       4.863  |    6      1972       6.308   87.76   |
|  20 Aug 1971       6.853  |    7      1976       6.196   85.71   |
|  19 Sep 1972       6.308  |    8      2011       5.969   83.67   |
|  19 Sep 1973       4.699  |    9      1983       5.894   81.63   |
|  07 Nov 1974       4.230  |   10      2007       5.840   79.59   |
|  06 Aug 1975       7.053  |   11      2009       5.593   77.55   |
|  17 Aug 1976       6.196  |   12      2002       5.591   75.51   |
|  15 Aug 1977       5.219  |   13      2008       5.570   73.47   |
|  10 Aug 1978       5.055  |   14      1968       5.563   71.43   |
|  01 Jul 1979       3.985  |   15      1982       5.459   69.39   |
|  11 Sep 1980       5.015  |   16      2000       5.448   67.35   |
|  13 Sep 1981       5.071  |   17      1990       5.265   65.31   |
|  15 Aug 1982       5.459  |   18      1969       5.262   63.27   |
|  21 Aug 1983       5.894  |   19      2005       5.235   61.22   |
|  02 Sep 1984       5.107  |   20      1977       5.219   59.18   |
|  31 Aug 1985       3.745  |   21      1993       5.122   57.14   |
|  31 Aug 1986       3.970  |   22      1984       5.107   55.10   |
|  10 Nov 1987       4.223  |   23      1994       5.093   53.06   |
|  18 Aug 1988       4.671  |   24      1981       5.071   51.02   |
|  18 Oct 1989       5.048  |   25      1978       5.055   48.98   |
|  27 Aug 1990       5.265  |   26      1989       5.048   46.94   |
|  26 Aug 1991       4.893  |   27      1980       5.015   44.90   |
|  19 Aug 1992       4.232  |   28      1995       4.929   42.86   |
|  12 Sep 1993       5.122  |   29      1991       4.893   40.82   |
|  03 Sep 1994       5.093  |   30      1996       4.867   38.78   |
|  07 Jul 1995       4.929  |   31      1970       4.863   36.73   |
|  07 Sep 1996       4.867  |   32      1973       4.699   34.69   |
|  25 Aug 1997       7.877  |   33      1988       4.671   32.65   |
|  14 Sep 1998       4.095  |   34      2010       4.648   30.61   |
|  22 Sep 1999       6.327  |   35      1965       4.633   28.57   |
|  06 Sep 2000       5.448  |   36      1967       4.415   26.53   |
|  21 Aug 2001       4.413  |   37      2001       4.413   24.49   |
|  06 Nov 2002       5.591  |   38      2012       4.251   22.45   |
|  04 Oct 2003       2.897  |   39      1992       4.232   20.41   |
|  05 Aug 2004       2.953  |   40      1974       4.230   18.37   |
|  03 Sep 2005       5.235  |   41      1987       4.223   16.33   |
|  19 Sep 2006       2.803  |   42      1998       4.095   14.29   |
|  02 Sep 2007       5.840  |   43      1979       3.985   12.24   |
|  18 Aug 2008       5.570  |   44      1986       3.970   10.20   |
|  02 Oct 2009       5.593  |   45      1985       3.745    8.16   |
|  30 Aug 2010       4.648  |   46      2004       2.953    6.12   |
|  21 Sep 2011       5.969  |   47      2003       2.897    4.08   |
|  08 Oct 2012       4.251  |   48      2006       2.803    2.04   |
|---------------------------|--------------------------------------|



<< Skew Weighting >>
-----------------------------------------------------------------
Based on 48 events, mean-square error of station skew =      0.16
Mean-square error of regional skew is undefined.
-----------------------------------------------------------------


<< Frequency Curve >>
Carl5_Test-FLOW-DAY (15-day Min)
-------------------------------------------------------------------
|  Computed    Expected   |   Percent   |    Confidence Limits    |
|    Curve    Probability | Chance Non- |        0.05        0.95 |
|        FLOW, cms        | Exceedance  |        FLOW, cms        |
|-------------------------|-------------|-------------------------|
|       7.282       7.364 |     99.0    |       8.014       6.770 |
|       6.704       6.749 |     95.0    |       7.279       6.286 |
|       6.367       6.396 |     90.0    |       6.860       5.998 |
|       5.938       5.954 |     80.0    |       6.339       5.623 |
|       5.074       5.074 |     50.0    |       5.343       4.825 |
|       4.192       4.174 |     20.0    |       4.423       3.933 |
|       3.740       3.707 |     10.0    |       3.981       3.456 |
|       3.378       3.329 |      5.0    |       3.633       3.071 |
|       2.987       2.911 |      2.0    |       3.259       2.657 |
|       2.738       2.642 |      1.0    |       3.020       2.397 |
|       2.519       2.402 |      0.5    |       2.808       2.171 |
|       2.267       2.123 |      0.2    |       2.563       1.915 |
|-------------------------|-------------|-------------------------|


<< Systematic Statistics >>
Carl5_Test-FLOW-DAY (15-day Min)
----------------------------------------------------------------
|        Log Transform:        |                               |
|          FLOW, cms           |       Number of Events        |
|------------------------------|-------------------------------|
|  Mean                 0.695  |  Historic Events           0  |
|  Standard Dev         0.092  |  High Outliers          0     |
|  Station Skew        -0.677  |  Low Outliers           0     |
|  Regional Skew          ---  |  Zero Events            0     |
|  Weighted Skew          ---  |  Missing Events         0     |
|  Adopted Skew        -0.677  |  Systematic Events        48  |
|------------------------------|-------------------------------|

--- End of Analytical Frequency Curve ---

Note: No ordinates specified for graphical frequency curve




====================================================================
Statistical Analysis of 30-day Minimum values
====================================================================

Note: Data are missing for all or part of 1 years in analysis period.



-----------------------
<< High Outlier Test >>
-----------------------
 Based on 48 events, 10 percent outlier test deviate K(N) = 2.753
                        Computed high outlier test value = 9.6469

          0 high outlier(s) identified above test value of 9.6469


----------------------
<< Low Outlier Test >>
----------------------
 Based on 48 events, 10 percent outlier test deviate K(N) = 2.753
                         Computed low outlier test value = 2.8144

           0 low outlier(s) identified below test value of 2.8144





--- Final Results ---

<< Plotting Positions >>
Carl5_Test-FLOW-DAY (30-day Min)
--------------------------------------------------------------------
|     Events Analyzed       |            Ordered Events            |
|                     FLOW  |       Calendar        FLOW  Weibull  |
| Day Mon Year         cms  |  Rank     Year         cms  Plot Pos |
|---------------------------|--------------------------------------|
|  11 Aug 1965       5.070  |    1      1976       8.398   97.96   |
|  01 Sep 1966       6.446  |    2      1997       8.387   95.92   |
|  27 Sep 1967       4.652  |    3      1971       7.920   93.88   |
|  24 Aug 1968       6.569  |    4      1975       7.113   91.84   |
|  13 Sep 1969       5.358  |    5      1968       6.569   89.80   |
|  18 Aug 1970       5.036  |    6      1966       6.446   87.76   |
|  25 Aug 1971       7.920  |    7      1999       6.412   85.71   |
|  18 Sep 1972       6.385  |    8      1983       6.393   83.67   |
|  05 Oct 1973       4.836  |    9      1972       6.385   81.63   |
|  08 Nov 1974       5.640  |   10      2011       6.210   79.59   |
|  22 Aug 1975       7.113  |   11      2007       5.953   77.55   |
|  18 Aug 1976       8.398  |   12      2002       5.758   75.51   |
|  22 Aug 1977       5.511  |   13      2008       5.669   73.47   |
|  25 Aug 1978       5.235  |   14      1974       5.640   71.43   |
|  12 Jul 1979       4.255  |   15      2009       5.625   69.39   |
|  15 Sep 1980       5.298  |   16      1981       5.529   67.35   |
|  17 Sep 1981       5.529  |   17      2000       5.525   65.31   |
|  27 Aug 1982       5.519  |   18      1982       5.519   63.27   |
|  04 Sep 1983       6.393  |   19      1977       5.511   61.22   |
|  02 Sep 1984       5.262  |   20      1990       5.360   59.18   |
|  01 Sep 1985       3.881  |   21      1969       5.358   57.14   |
|  14 Sep 1986       4.174  |   22      1989       5.354   55.10   |
|  10 Nov 1987       4.336  |   23      1994       5.298   53.06   |
|  02 Sep 1988       4.765  |   24      1980       5.298   51.02   |
|  12 Oct 1989       5.354  |   25      2005       5.270   48.98   |
|  29 Aug 1990       5.360  |   26      1984       5.262   46.94   |
|  24 Aug 1991       4.999  |   27      1978       5.235   44.90   |
|  03 Sep 1992       4.304  |   28      1993       5.202   42.86   |
|  16 Sep 1993       5.202  |   29      1995       5.104   40.82   |
|  08 Sep 1994       5.298  |   30      1965       5.070   38.78   |
|  19 Jul 1995       5.104  |   31      1970       5.036   36.73   |
|  21 Sep 1996       4.886  |   32      1991       4.999   34.69   |
|  13 Sep 1997       8.387  |   33      1996       4.886   32.65   |
|  25 Sep 1998       4.137  |   34      1973       4.836   30.61   |
|  06 Oct 1999       6.412  |   35      2010       4.792   28.57   |
|  06 Sep 2000       5.525  |   36      1988       4.765   26.53   |
|  21 Aug 2001       4.705  |   37      2001       4.705   24.49   |
|  07 Nov 2002       5.758  |   38      2012       4.688   22.45   |
|  05 Oct 2003       2.975  |   39      1967       4.652   20.41   |
|  20 Aug 2004       2.989  |   40      1987       4.336   18.37   |
|  03 Sep 2005       5.270  |   41      1992       4.304   16.33   |
|  05 Oct 2006       2.960  |   42      1979       4.255   14.29   |
|  16 Sep 2007       5.953  |   43      1986       4.174   12.24   |
|  19 Aug 2008       5.669  |   44      1998       4.137   10.20   |
|  28 Sep 2009       5.625  |   45      1985       3.881    8.16   |
|  17 Sep 2010       4.792  |   46      2004       2.989    6.12   |
|  21 Sep 2011       6.210  |   47      2003       2.975    4.08   |
|  09 Oct 2012       4.688  |   48      2006       2.960    2.04   |
|---------------------------|--------------------------------------|



<< Skew Weighting >>
-----------------------------------------------------------------
Based on 48 events, mean-square error of station skew =      0.14
Mean-square error of regional skew is undefined.
-----------------------------------------------------------------


<< Frequency Curve >>
Carl5_Test-FLOW-DAY (30-day Min)
-------------------------------------------------------------------
|  Computed    Expected   |   Percent   |    Confidence Limits    |
|    Curve    Probability | Chance Non- |        0.05        0.95 |
|        FLOW, cms        | Exceedance  |        FLOW, cms        |
|-------------------------|-------------|-------------------------|
|       8.141       8.269 |     99.0    |       9.069       7.503 |
|       7.302       7.364 |     95.0    |       7.989       6.809 |
|       6.852       6.890 |     90.0    |       7.424       6.428 |
|       6.310       6.330 |     80.0    |       6.762       5.956 |
|       5.298       5.298 |     50.0    |       5.595       5.022 |
|       4.344       4.326 |     20.0    |       4.600       4.059 |
|       3.878       3.845 |     10.0    |       4.142       3.568 |
|       3.513       3.464 |      5.0    |       3.790       3.182 |
|       3.125       3.051 |      2.0    |       3.417       2.773 |
|       2.881       2.788 |      1.0    |       3.181       2.519 |
|       2.668       2.554 |      0.5    |       2.975       2.299 |
|       2.423       2.283 |      0.2    |       2.736       2.050 |
|-------------------------|-------------|-------------------------|


<< Systematic Statistics >>
Carl5_Test-FLOW-DAY (30-day Min)
----------------------------------------------------------------
|        Log Transform:        |                               |
|          FLOW, cms           |       Number of Events        |
|------------------------------|-------------------------------|
|  Mean                 0.717  |  Historic Events           0  |
|  Standard Dev         0.097  |  High Outliers          0     |
|  Station Skew        -0.447  |  Low Outliers           0     |
|  Regional Skew          ---  |  Zero Events            0     |
|  Weighted Skew          ---  |  Missing Events         0     |
|  Adopted Skew        -0.447  |  Systematic Events        48  |
|------------------------------|-------------------------------|

--- End of Analytical Frequency Curve ---

Note: No ordinates specified for graphical frequency curve




====================================================================
Statistical Analysis of 60-day Minimum values
====================================================================

Note: Data are missing for all or part of 1 years in analysis period.



-----------------------
<< High Outlier Test >>
-----------------------
 Based on 48 events, 10 percent outlier test deviate K(N) = 2.753
                        Computed high outlier test value = 12.502

          0 high outlier(s) identified above test value of 12.502


----------------------
<< Low Outlier Test >>
----------------------
 Based on 48 events, 10 percent outlier test deviate K(N) = 2.753
                         Computed low outlier test value = 2.7018

           0 low outlier(s) identified below test value of 2.7018





--- Final Results ---

<< Plotting Positions >>
Carl5_Test-FLOW-DAY (60-day Min)
--------------------------------------------------------------------
|     Events Analyzed       |            Ordered Events            |
|                     FLOW  |       Calendar        FLOW  Weibull  |
| Day Mon Year         cms  |  Rank     Year         cms  Plot Pos |
|---------------------------|--------------------------------------|
|  24 Aug 1965       5.539  |    1      1997      11.597   97.96   |
|  01 Oct 1966       6.951  |    2      1976      10.309   95.92   |
|  01 Oct 1967       5.057  |    3      1971      10.233   93.88   |
|  29 Aug 1968       9.519  |    4      1968       9.519   91.84   |
|  16 Sep 1969       5.882  |    5      1975       9.120   89.80   |
|  15 Sep 1970       5.095  |    6      1983       8.949   87.76   |
|  24 Sep 1971      10.233  |    7      1999       7.151   85.71   |
|  22 Sep 1972       7.077  |    8      2011       7.150   83.67   |
|  12 Oct 1973       5.089  |    9      2008       7.133   81.63   |
|  08 Nov 1974       6.495  |   10      2007       7.105   79.59   |
|  22 Aug 1975       9.120  |   11      1972       7.077   77.55   |
|  13 Sep 1976      10.309  |   12      1980       6.987   75.51   |
|  23 Aug 1977       5.820  |   13      1966       6.951   73.47   |
|  31 Aug 1978       5.925  |   14      1981       6.589   71.43   |
|  14 Aug 1979       4.500  |   15      1974       6.495   69.39   |
|  02 Oct 1980       6.987  |   16      1978       5.925   67.35   |
|  22 Sep 1981       6.589  |   17      1969       5.882   65.31   |
|  24 Sep 1982       5.771  |   18      2002       5.853   63.27   |
|  03 Oct 1983       8.949  |   19      1977       5.820   61.22   |
|  14 Sep 1984       5.556  |   20      2000       5.816   59.18   |
|  11 Sep 1985       4.190  |   21      1982       5.771   57.14   |
|  25 Oct 1986       5.292  |   22      2009       5.769   55.10   |
|  10 Nov 1987       4.420  |   23      1989       5.581   53.06   |
|  21 Sep 1988       5.053  |   24      1984       5.556   51.02   |
|  13 Oct 1989       5.581  |   25      1965       5.539   48.98   |
|  21 Sep 1990       5.532  |   26      1990       5.532   46.94   |
|  28 Aug 1991       5.223  |   27      1993       5.413   44.90   |
|  26 Sep 1992       4.540  |   28      2005       5.404   42.86   |
|  25 Sep 1993       5.413  |   29      1994       5.346   40.82   |
|  04 Oct 1994       5.346  |   30      2001       5.321   38.78   |
|  31 Jul 1995       5.299  |   31      1995       5.299   36.73   |
|  03 Oct 1996       4.990  |   32      1986       5.292   34.69   |
|  20 Sep 1997      11.597  |   33      2012       5.236   32.65   |
|  28 Sep 1998       4.261  |   34      1991       5.223   30.61   |
|  06 Oct 1999       7.151  |   35      1970       5.095   28.57   |
|  21 Sep 2000       5.816  |   36      1973       5.089   26.53   |
|  24 Sep 2001       5.321  |   37      1967       5.057   24.49   |
|  15 Sep 2002       5.853  |   38      1988       5.053   22.45   |
|  11 Oct 2003       3.718  |   39      2010       5.028   20.41   |
|  24 Aug 2004       3.063  |   40      1996       4.990   18.37   |
|  25 Sep 2005       5.404  |   41      1992       4.540   16.33   |
|  17 Oct 2006       3.157  |   42      1979       4.500   14.29   |
|  02 Sep 2007       7.105  |   43      1987       4.420   12.24   |
|  05 Sep 2008       7.133  |   44      1998       4.261   10.20   |
|  02 Oct 2009       5.769  |   45      1985       4.190    8.16   |
|  18 Sep 2010       5.028  |   46      2003       3.718    6.12   |
|  25 Sep 2011       7.150  |   47      2006       3.157    4.08   |
|  09 Oct 2012       5.236  |   48      2004       3.063    2.04   |
|---------------------------|--------------------------------------|



<< Skew Weighting >>
-----------------------------------------------------------------
Based on 48 events, mean-square error of station skew =     0.131
Mean-square error of regional skew is undefined.
-----------------------------------------------------------------


<< Frequency Curve >>
Carl5_Test-FLOW-DAY (60-day Min)
-------------------------------------------------------------------
|  Computed    Expected   |   Percent   |    Confidence Limits    |
|    Curve    Probability | Chance Non- |        0.05        0.95 |
|        FLOW, cms        | Exceedance  |        FLOW, cms        |
|-------------------------|-------------|-------------------------|
|      11.888      12.352 |     99.0    |      13.994      10.537 |
|       9.419       9.578 |     95.0    |      10.642       8.579 |
|       8.373       8.460 |     90.0    |       9.285       7.716 |
|       7.303       7.341 |     80.0    |       7.949       6.801 |
|       5.721       5.721 |     50.0    |       6.115       5.348 |
|       4.583       4.565 |     20.0    |       4.924       4.206 |
|       4.116       4.086 |     10.0    |       4.459       3.723 |
|       3.783       3.741 |      5.0    |       4.131       3.378 |
|       3.457       3.398 |      2.0    |       3.810       3.041 |
|       3.263       3.193 |      1.0    |       3.621       2.842 |
|       3.101       3.019 |      0.5    |       3.462       2.677 |
|       2.922       2.824 |      0.2    |       3.286       2.495 |
|-------------------------|-------------|-------------------------|


<< Systematic Statistics >>
Carl5_Test-FLOW-DAY (60-day Min)
----------------------------------------------------------------
|        Log Transform:        |                               |
|          FLOW, cms           |       Number of Events        |
|------------------------------|-------------------------------|
|  Mean                 0.764  |  Historic Events           0  |
|  Standard Dev         0.121  |  High Outliers          0     |
|  Station Skew         0.339  |  Low Outliers           0     |
|  Regional Skew          ---  |  Zero Events            0     |
|  Weighted Skew          ---  |  Missing Events         0     |
|  Adopted Skew         0.339  |  Systematic Events        48  |
|------------------------------|-------------------------------|

--- End of Analytical Frequency Curve ---

Note: No ordinates specified for graphical frequency curve




====================================================================
Statistical Analysis of 90-day Minimum values
====================================================================

Note: Data are missing for all or part of 1 years in analysis period.


--- Preliminary Results ---

<< Plotting Positions >>
Carl5_Test-FLOW-DAY (90-day Min)
--------------------------------------------------------------------
|     Events Analyzed       |            Ordered Events            |
|                     FLOW  |       Calendar        FLOW  Weibull  |
| Day Mon Year         cms  |  Rank     Year         cms  Plot Pos |
|---------------------------|--------------------------------------|
|  03 Oct 1965       5.981  |    1      1997      20.474*  97.96   |
|  17 Oct 1966       7.506  |    2      1975      11.893   95.92   |
|  01 Oct 1967       5.547  |    3      1971      11.371   93.88   |
|  27 Aug 1968      10.513  |    4      1968      10.513   91.84   |
|  17 Sep 1969       6.722  |    5      1976      10.273   89.80   |
|  18 Sep 1970       5.285  |    6      2008       9.533   87.76   |
|  18 Oct 1971      11.371  |    7      1999       9.398   85.71   |
|  30 Oct 1972       8.603  |    8      1983       9.356   83.67   |
|  16 Oct 1973       5.539  |    9      1981       9.173   81.63   |
|  08 Nov 1974       6.758  |   10      1972       8.603   79.59   |
|  14 Sep 1975      11.893  |   11      1984       7.716   77.55   |
|  27 Oct 1976      10.273  |   12      1980       7.704   75.51   |
|  20 Sep 1977       6.064  |   13      2011       7.552   73.47   |
|  09 Sep 1978       6.885  |   14      1966       7.506   71.43   |
|  05 Sep 1979       4.940  |   15      2007       7.008   69.39   |
|  15 Sep 1980       7.704  |   16      2000       6.887   67.35   |
|  01 Oct 1981       9.173  |   17      1978       6.885   65.31   |
|  09 Oct 1982       6.614  |   18      1974       6.758   63.27   |
|  30 Oct 1983       9.356  |   19      1969       6.722   61.22   |
|  16 Sep 1984       7.716  |   20      1982       6.614   59.18   |
|  25 Sep 1985       5.033  |   21      2001       6.595   57.14   |
|  30 Oct 1986       5.350  |   22      2005       6.266   55.10   |
|  05 Nov 1987       4.652  |   23      2012       6.233   53.06   |
|  24 Sep 1988       5.284  |   24      1990       6.213   51.02   |
|  14 Oct 1989       5.592  |   25      2002       6.168   48.98   |
|  23 Sep 1990       6.213  |   26      1977       6.064   46.94   |
|  29 Aug 1991       5.921  |   27      1965       5.981   44.90   |
|  27 Sep 1992       5.453  |   28      2009       5.973   42.86   |
|  22 Oct 1993       5.905  |   29      1991       5.921   40.82   |
|  05 Oct 1994       5.546  |   30      1993       5.905   38.78   |
|  30 Aug 1995       5.424  |   31      1989       5.592   36.73   |
|  03 Oct 1996       5.067  |   32      1967       5.547   34.69   |
|  25 Sep 1997      20.474  |   33      1994       5.546   32.65   |
|  02 Oct 1998       4.393  |   34      1973       5.539   30.61   |
|  25 Oct 1999       9.398  |   35      1992       5.453   28.57   |
|  26 Sep 2000       6.887  |   36      1995       5.424   26.53   |
|  11 Oct 2001       6.595  |   37      1986       5.350   24.49   |
|  02 Oct 2002       6.168  |   38      1970       5.285   22.45   |
|  11 Oct 2003       4.517  |   39      1988       5.284   20.41   |
|  15 Sep 2004       3.345  |   40      2010       5.265   18.37   |
|  15 Oct 2005       6.266  |   41      1996       5.067   16.33   |
|  14 Oct 2006       3.658  |   42      1985       5.033   14.29   |
|  16 Sep 2007       7.008  |   43      1979       4.940   12.24   |
|  24 Sep 2008       9.533  |   44      1987       4.652   10.20   |
|  02 Oct 2009       5.973  |   45      2003       4.517    8.16   |
|  06 Oct 2010       5.265  |   46      1998       4.393    6.12   |
|  25 Sep 2011       7.552  |   47      2006       3.658    4.08   |
|  17 Oct 2012       6.233  |   48      2004       3.345    2.04   |
|---------------------------|--------------------------------------|
                                                        * Outlier



<< Skew Weighting >>
-----------------------------------------------------------------
Based on 48 events, mean-square error of station skew =     0.201
Mean-square error of regional skew is undefined.
-----------------------------------------------------------------


<< Frequency Curve >>
Carl5_Test-FLOW-DAY (90-day Min)
-------------------------------------------------------------------
|  Computed    Expected   |   Percent   |    Confidence Limits    |
|    Curve    Probability | Chance Non- |        0.05        0.95 |
|        FLOW, cms        | Exceedance  |        FLOW, cms        |
|-------------------------|-------------|-------------------------|
|      17.304      18.442 |     99.0    |      21.462      14.778 |
|      12.002      12.309 |     95.0    |      13.932      10.716 |
|      10.107      10.260 |     90.0    |      11.412       9.185 |
|       8.382       8.441 |     80.0    |       9.229       7.725 |
|       6.226       6.226 |     50.0    |       6.723       5.748 |
|       4.977       4.960 |     20.0    |       5.409       4.505 |
|       4.545       4.520 |     10.0    |       4.973       4.065 |
|       4.269       4.236 |      5.0    |       4.696       3.783 |
|       4.026       3.988 |      2.0    |       4.454       3.536 |
|       3.897       3.855 |      1.0    |       4.325       3.405 |
|       3.799       3.754 |      0.5    |       4.227       3.305 |
|       3.700       3.651 |      0.2    |       4.129       3.205 |
|-------------------------|-------------|-------------------------|


<< Systematic Statistics >>
Carl5_Test-FLOW-DAY (90-day Min)
----------------------------------------------------------------
|        Log Transform:        |                               |
|          FLOW, cms           |       Number of Events        |
|------------------------------|-------------------------------|
|  Mean                 0.817  |  Historic Events           0  |
|  Standard Dev         0.140  |  High Outliers          0     |
|  Station Skew         0.971  |  Low Outliers           0     |
|  Regional Skew          ---  |  Zero Events            0     |
|  Weighted Skew          ---  |  Missing Events         0     |
|  Adopted Skew         0.971  |  Systematic Events        48  |
|------------------------------|-------------------------------|

--- End of Preliminary Results ---




----------------------
<< Low Outlier Test >>
----------------------
 Based on 48 events, 10 percent outlier test deviate K(N) = 2.753
                         Computed low outlier test value = 2.6928

           0 low outlier(s) identified below test value of 2.6928



-----------------------
<< High Outlier Test >>
-----------------------
 Based on 48 events, 10 percent outlier test deviate K(N) = 2.753
                        Computed high outlier test value = 15.957

          1 high outlier(s) identified above test value of 15.957

    Statistics and frequency curve adjusted for 1 high outlier(s)


<< Systematic Statistics >>
Carl5_Test-FLOW-DAY (90-day Min)
----------------------------------------------------------------
|        Log Transform:        |                               |
|          FLOW, cms           |       Number of Events        |
|------------------------------|-------------------------------|
|  Mean                 0.817  |  Historic Events           0  |
|  Standard Dev         0.140  |  High Outliers          1     |
|  Station Skew         0.971  |  Low Outliers           0     |
|  Regional Skew          ---  |  Zero Events            0     |
|  Weighted Skew          ---  |  Missing Events         0     |
|  Adopted Skew         0.971  |  Systematic Events        48  |
|------------------------------|-------------------------------|


Note: Statistics and frequency curve were modified 
using conditional probablity adjustment.





--- Final Results ---

<< Plotting Positions >>
Carl5_Test-FLOW-DAY (90-day Min)
--------------------------------------------------------------------
|     Events Analyzed       |            Ordered Events            |
|                     FLOW  |       Calendar        FLOW  Weibull  |
| Day Mon Year         cms  |  Rank     Year         cms  Plot Pos |
|---------------------------|--------------------------------------|
|  03 Oct 1965       5.981  |    1      1997      20.474*  97.96   |
|  17 Oct 1966       7.506  |    2      1975      11.893   95.92   |
|  01 Oct 1967       5.547  |    3      1971      11.371   93.88   |
|  27 Aug 1968      10.513  |    4      1968      10.513   91.84   |
|  17 Sep 1969       6.722  |    5      1976      10.273   89.80   |
|  18 Sep 1970       5.285  |    6      2008       9.533   87.76   |
|  18 Oct 1971      11.371  |    7      1999       9.398   85.71   |
|  30 Oct 1972       8.603  |    8      1983       9.356   83.67   |
|  16 Oct 1973       5.539  |    9      1981       9.173   81.63   |
|  08 Nov 1974       6.758  |   10      1972       8.603   79.59   |
|  14 Sep 1975      11.893  |   11      1984       7.716   77.55   |
|  27 Oct 1976      10.273  |   12      1980       7.704   75.51   |
|  20 Sep 1977       6.064  |   13      2011       7.552   73.47   |
|  09 Sep 1978       6.885  |   14      1966       7.506   71.43   |
|  05 Sep 1979       4.940  |   15      2007       7.008   69.39   |
|  15 Sep 1980       7.704  |   16      2000       6.887   67.35   |
|  01 Oct 1981       9.173  |   17      1978       6.885   65.31   |
|  09 Oct 1982       6.614  |   18      1974       6.758   63.27   |
|  30 Oct 1983       9.356  |   19      1969       6.722   61.22   |
|  16 Sep 1984       7.716  |   20      1982       6.614   59.18   |
|  25 Sep 1985       5.033  |   21      2001       6.595   57.14   |
|  30 Oct 1986       5.350  |   22      2005       6.266   55.10   |
|  05 Nov 1987       4.652  |   23      2012       6.233   53.06   |
|  24 Sep 1988       5.284  |   24      1990       6.213   51.02   |
|  14 Oct 1989       5.592  |   25      2002       6.168   48.98   |
|  23 Sep 1990       6.213  |   26      1977       6.064   46.94   |
|  29 Aug 1991       5.921  |   27      1965       5.981   44.90   |
|  27 Sep 1992       5.453  |   28      2009       5.973   42.86   |
|  22 Oct 1993       5.905  |   29      1991       5.921   40.82   |
|  05 Oct 1994       5.546  |   30      1993       5.905   38.78   |
|  30 Aug 1995       5.424  |   31      1989       5.592   36.73   |
|  03 Oct 1996       5.067  |   32      1967       5.547   34.69   |
|  25 Sep 1997      20.474  |   33      1994       5.546   32.65   |
|  02 Oct 1998       4.393  |   34      1973       5.539   30.61   |
|  25 Oct 1999       9.398  |   35      1992       5.453   28.57   |
|  26 Sep 2000       6.887  |   36      1995       5.424   26.53   |
|  11 Oct 2001       6.595  |   37      1986       5.350   24.49   |
|  02 Oct 2002       6.168  |   38      1970       5.285   22.45   |
|  11 Oct 2003       4.517  |   39      1988       5.284   20.41   |
|  15 Sep 2004       3.345  |   40      2010       5.265   18.37   |
|  15 Oct 2005       6.266  |   41      1996       5.067   16.33   |
|  14 Oct 2006       3.658  |   42      1985       5.033   14.29   |
|  16 Sep 2007       7.008  |   43      1979       4.940   12.24   |
|  24 Sep 2008       9.533  |   44      1987       4.652   10.20   |
|  02 Oct 2009       5.973  |   45      2003       4.517    8.16   |
|  06 Oct 2010       5.265  |   46      1998       4.393    6.12   |
|  25 Sep 2011       7.552  |   47      2006       3.658    4.08   |
|  17 Oct 2012       6.233  |   48      2004       3.345    2.04   |
|---------------------------|--------------------------------------|
                                                        * Outlier



<< Skew Weighting >>
-----------------------------------------------------------------
Based on 48 events, mean-square error of station skew =     0.195
Mean-square error of regional skew is undefined.
-----------------------------------------------------------------


<< Frequency Curve >>
Carl5_Test-FLOW-DAY (90-day Min)
-------------------------------------------------------------------
|  Computed    Expected   |   Percent   |    Confidence Limits    |
|    Curve    Probability | Chance Non- |        0.05        0.95 |
|        FLOW, cms        | Exceedance  |        FLOW, cms        |
|-------------------------|-------------|-------------------------|
|      17.227      18.358 |     99.0    |      21.391      14.699 |
|      11.951      12.257 |     95.0    |      13.890      10.660 |
|      10.061      10.214 |     90.0    |      11.373       9.134 |
|       8.337       8.396 |     80.0    |       9.189       7.677 |
|       6.177       6.177 |     50.0    |       6.675       5.698 |
|       4.919       4.902 |     20.0    |       5.351       4.448 |
|       4.482       4.457 |     10.0    |       4.909       4.003 |
|       4.201       4.168 |      5.0    |       4.627       3.717 |
|       3.953       3.914 |      2.0    |       4.380       3.465 |
|       3.821       3.777 |      1.0    |       4.248       3.331 |
|       3.719       3.673 |      0.5    |       4.146       3.228 |
|       3.617       3.566 |      0.2    |       4.044       3.124 |
|-------------------------|-------------|-------------------------|


<< Synthetic Statistics >>
Carl5_Test-FLOW-DAY (90-day Min)
----------------------------------------------------------------
|        Log Transform:        |                               |
|          FLOW, cms           |       Number of Events        |
|------------------------------|-------------------------------|
|  Mean                 0.813  |  Historic Events           0  |
|  Standard Dev         0.142  |  High Outliers          1     |
|  Station Skew         0.946  |  Low Outliers           0     |
|  Regional Skew          ---  |  Zero Events            0     |
|  Weighted Skew          ---  |  Missing Events         0     |
|  Adopted Skew         0.946  |  Systematic Events        48  |
|------------------------------|-------------------------------|

--- End of Analytical Frequency Curve ---

Note: No ordinates specified for graphical frequency curve




====================================================================
Statistical Analysis of 120-day Minimum values
====================================================================

Note: Data are missing for all or part of 1 years in analysis period.


--- Preliminary Results ---

<< Plotting Positions >>
Carl5_Test-FLOW-DAY (120-day Min)
--------------------------------------------------------------------
|     Events Analyzed       |            Ordered Events            |
|                     FLOW  |       Calendar        FLOW  Weibull  |
| Day Mon Year         cms  |  Rank     Year         cms  Plot Pos |
|---------------------------|--------------------------------------|
|  05 Oct 1965       6.434  |    1      1997      23.443*  97.96   |
|  23 Oct 1966       9.710  |    2      1971      14.723   95.92   |
|  06 Oct 1967       6.731  |    3      1975      12.835   93.88   |
|  25 Sep 1968      11.739  |    4      1969      12.597   91.84   |
|  12 Oct 1969      12.597  |    5      1999      12.442   89.80   |
|  29 Sep 1970       6.088  |    6      1983      12.252   87.76   |
|  30 Oct 1971      14.723  |    7      1981      12.015   85.71   |
|  03 Nov 1972      11.144  |    8      2008      11.996   83.67   |
|  24 Oct 1973       6.732  |    9      1968      11.739   81.63   |
|  11 Nov 1974      10.080  |   10      2011      11.553   79.59   |
|  08 Oct 1975      12.835  |   11      1976      11.318   77.55   |
|  11 Nov 1976      11.318  |   12      1972      11.144   75.51   |
|  17 Oct 1977       7.536  |   13      1974      10.080   73.47   |
|  11 Sep 1978       9.522  |   14      1984       9.729   71.43   |
|  10 Sep 1979       7.679  |   15      1966       9.710   69.39   |
|  02 Oct 1980       8.063  |   16      1978       9.522   67.35   |
|  27 Sep 1981      12.015  |   17      2007       9.007   65.31   |
|  21 Oct 1982       8.195  |   18      2000       8.818   63.27   |
|  15 Sep 1983      12.252  |   19      2012       8.806   61.22   |
|  07 Oct 1984       9.729  |   20      1991       8.798   59.18   |
|  08 Oct 1985       5.653  |   21      1990       8.677   57.14   |
|  31 Oct 1986       6.098  |   22      2001       8.348   55.10   |
|  13 Nov 1987       4.840  |   23      1982       8.195   53.06   |
|  21 Oct 1988       6.882  |   24      1980       8.063   51.02   |
|  20 Oct 1989       5.734  |   25      1979       7.679   48.98   |
|  18 Oct 1990       8.677  |   26      1977       7.536   46.94   |
|  29 Aug 1991       8.798  |   27      2005       7.275   44.90   |
|  26 Sep 1992       5.868  |   28      1988       6.882   42.86   |
|  28 Oct 1993       6.411  |   29      2010       6.831   40.82   |
|  26 Oct 1994       6.322  |   30      1973       6.732   38.78   |
|  05 Oct 1995       5.541  |   31      1967       6.731   36.73   |
|  13 Oct 1996       5.494  |   32      2009       6.507   34.69   |
|  25 Sep 1997      23.443  |   33      1965       6.434   32.65   |
|  11 Oct 1998       4.557  |   34      1993       6.411   30.61   |
|  29 Oct 1999      12.442  |   35      1994       6.322   28.57   |
|  19 Oct 2000       8.818  |   36      2002       6.242   26.53   |
|  22 Oct 2001       8.348  |   37      1986       6.098   24.49   |
|  08 Nov 2002       6.242  |   38      1970       6.088   22.45   |
|  11 Oct 2003       5.069  |   39      1992       5.868   20.41   |
|  24 Sep 2004       4.726  |   40      1989       5.734   18.37   |
|  15 Oct 2005       7.275  |   41      1985       5.653   16.33   |
|  30 Oct 2006       3.933  |   42      1995       5.541   14.29   |
|  30 Sep 2007       9.007  |   43      1996       5.494   12.24   |
|  06 Oct 2008      11.996  |   44      2003       5.069   10.20   |
|  15 Oct 2009       6.507  |   45      1987       4.840    8.16   |
|  10 Oct 2010       6.831  |   46      2004       4.726    6.12   |
|  11 Oct 2011      11.553  |   47      1998       4.557    4.08   |
|  25 Oct 2012       8.806  |   48      2006       3.933    2.04   |
|---------------------------|--------------------------------------|
                                                        * Outlier



<< Skew Weighting >>
-----------------------------------------------------------------
Based on 48 events, mean-square error of station skew =     0.139
Mean-square error of regional skew is undefined.
-----------------------------------------------------------------


<< Frequency Curve >>
Carl5_Test-FLOW-DAY (120-day Min)
-------------------------------------------------------------------
|  Computed    Expected   |   Percent   |    Confidence Limits    |
|    Curve    Probability | Chance Non- |        0.05        0.95 |
|        FLOW, cms        | Exceedance  |        FLOW, cms        |
|-------------------------|-------------|-------------------------|
|      20.746      21.874 |     99.0    |      25.739      17.692 |
|      15.088      15.435 |     95.0    |      17.693      13.359 |
|      12.873      13.053 |     90.0    |      14.718      11.581 |
|      10.729      10.803 |     80.0    |      11.967       9.787 |
|       7.801       7.801 |     50.0    |       8.501       7.147 |
|       5.889       5.860 |     20.0    |       6.462       5.270 |
|       5.158       5.112 |     10.0    |       5.716       4.534 |
|       4.657       4.594 |      5.0    |       5.210       4.030 |
|       4.182       4.099 |      2.0    |       4.731       3.556 |
|       3.909       3.812 |      1.0    |       4.456       3.286 |
|       3.686       3.575 |      0.5    |       4.231       3.067 |
|       3.445       3.316 |      0.2    |       3.986       2.832 |
|-------------------------|-------------|-------------------------|


<< Systematic Statistics >>
Carl5_Test-FLOW-DAY (120-day Min)
----------------------------------------------------------------
|        Log Transform:        |                               |
|          FLOW, cms           |       Number of Events        |
|------------------------------|-------------------------------|
|  Mean                 0.904  |  Historic Events           0  |
|  Standard Dev         0.156  |  High Outliers          0     |
|  Station Skew         0.445  |  Low Outliers           0     |
|  Regional Skew          ---  |  Zero Events            0     |
|  Weighted Skew          ---  |  Missing Events         0     |
|  Adopted Skew         0.445  |  Systematic Events        48  |
|------------------------------|-------------------------------|

--- End of Preliminary Results ---




----------------------
<< Low Outlier Test >>
----------------------
 Based on 48 events, 10 percent outlier test deviate K(N) = 2.753
                         Computed low outlier test value = 2.9774

           0 low outlier(s) identified below test value of 2.9774



-----------------------
<< High Outlier Test >>
-----------------------
 Based on 48 events, 10 percent outlier test deviate K(N) = 2.753
                       Computed high outlier test value = 21.5527

         1 high outlier(s) identified above test value of 21.5527

    Statistics and frequency curve adjusted for 1 high outlier(s)


<< Systematic Statistics >>
Carl5_Test-FLOW-DAY (120-day Min)
----------------------------------------------------------------
|        Log Transform:        |                               |
|          FLOW, cms           |       Number of Events        |
|------------------------------|-------------------------------|
|  Mean                 0.904  |  Historic Events           0  |
|  Standard Dev         0.156  |  High Outliers          1     |
|  Station Skew         0.445  |  Low Outliers           0     |
|  Regional Skew          ---  |  Zero Events            0     |
|  Weighted Skew          ---  |  Missing Events         0     |
|  Adopted Skew         0.445  |  Systematic Events        48  |
|------------------------------|-------------------------------|


Note: Statistics and frequency curve were modified 
using conditional probablity adjustment.





--- Final Results ---

<< Plotting Positions >>
Carl5_Test-FLOW-DAY (120-day Min)
--------------------------------------------------------------------
|     Events Analyzed       |            Ordered Events            |
|                     FLOW  |       Calendar        FLOW  Weibull  |
| Day Mon Year         cms  |  Rank     Year         cms  Plot Pos |
|---------------------------|--------------------------------------|
|  05 Oct 1965       6.434  |    1      1997      23.443*  97.96   |
|  23 Oct 1966       9.710  |    2      1971      14.723   95.92   |
|  06 Oct 1967       6.731  |    3      1975      12.835   93.88   |
|  25 Sep 1968      11.739  |    4      1969      12.597   91.84   |
|  12 Oct 1969      12.597  |    5      1999      12.442   89.80   |
|  29 Sep 1970       6.088  |    6      1983      12.252   87.76   |
|  30 Oct 1971      14.723  |    7      1981      12.015   85.71   |
|  03 Nov 1972      11.144  |    8      2008      11.996   83.67   |
|  24 Oct 1973       6.732  |    9      1968      11.739   81.63   |
|  11 Nov 1974      10.080  |   10      2011      11.553   79.59   |
|  08 Oct 1975      12.835  |   11      1976      11.318   77.55   |
|  11 Nov 1976      11.318  |   12      1972      11.144   75.51   |
|  17 Oct 1977       7.536  |   13      1974      10.080   73.47   |
|  11 Sep 1978       9.522  |   14      1984       9.729   71.43   |
|  10 Sep 1979       7.679  |   15      1966       9.710   69.39   |
|  02 Oct 1980       8.063  |   16      1978       9.522   67.35   |
|  27 Sep 1981      12.015  |   17      2007       9.007   65.31   |
|  21 Oct 1982       8.195  |   18      2000       8.818   63.27   |
|  15 Sep 1983      12.252  |   19      2012       8.806   61.22   |
|  07 Oct 1984       9.729  |   20      1991       8.798   59.18   |
|  08 Oct 1985       5.653  |   21      1990       8.677   57.14   |
|  31 Oct 1986       6.098  |   22      2001       8.348   55.10   |
|  13 Nov 1987       4.840  |   23      1982       8.195   53.06   |
|  21 Oct 1988       6.882  |   24      1980       8.063   51.02   |
|  20 Oct 1989       5.734  |   25      1979       7.679   48.98   |
|  18 Oct 1990       8.677  |   26      1977       7.536   46.94   |
|  29 Aug 1991       8.798  |   27      2005       7.275   44.90   |
|  26 Sep 1992       5.868  |   28      1988       6.882   42.86   |
|  28 Oct 1993       6.411  |   29      2010       6.831   40.82   |
|  26 Oct 1994       6.322  |   30      1973       6.732   38.78   |
|  05 Oct 1995       5.541  |   31      1967       6.731   36.73   |
|  13 Oct 1996       5.494  |   32      2009       6.507   34.69   |
|  25 Sep 1997      23.443  |   33      1965       6.434   32.65   |
|  11 Oct 1998       4.557  |   34      1993       6.411   30.61   |
|  29 Oct 1999      12.442  |   35      1994       6.322   28.57   |
|  19 Oct 2000       8.818  |   36      2002       6.242   26.53   |
|  22 Oct 2001       8.348  |   37      1986       6.098   24.49   |
|  08 Nov 2002       6.242  |   38      1970       6.088   22.45   |
|  11 Oct 2003       5.069  |   39      1992       5.868   20.41   |
|  24 Sep 2004       4.726  |   40      1989       5.734   18.37   |
|  15 Oct 2005       7.275  |   41      1985       5.653   16.33   |
|  30 Oct 2006       3.933  |   42      1995       5.541   14.29   |
|  30 Sep 2007       9.007  |   43      1996       5.494   12.24   |
|  06 Oct 2008      11.996  |   44      2003       5.069   10.20   |
|  15 Oct 2009       6.507  |   45      1987       4.840    8.16   |
|  10 Oct 2010       6.831  |   46      2004       4.726    6.12   |
|  11 Oct 2011      11.553  |   47      1998       4.557    4.08   |
|  25 Oct 2012       8.806  |   48      2006       3.933    2.04   |
|---------------------------|--------------------------------------|
                                                        * Outlier



<< Skew Weighting >>
-----------------------------------------------------------------
Based on 48 events, mean-square error of station skew =      0.14
Mean-square error of regional skew is undefined.
-----------------------------------------------------------------


<< Frequency Curve >>
Carl5_Test-FLOW-DAY (120-day Min)
-------------------------------------------------------------------
|  Computed    Expected   |   Percent   |    Confidence Limits    |
|    Curve    Probability | Chance Non- |        0.05        0.95 |
|        FLOW, cms        | Exceedance  |        FLOW, cms        |
|-------------------------|-------------|-------------------------|
|      20.668      21.801 |     99.0    |      25.668      17.612 |
|      14.995      15.343 |     95.0    |      17.594      13.271 |
|      12.781      12.961 |     90.0    |      14.619      11.494 |
|      10.642      10.715 |     80.0    |      11.873       9.705 |
|       7.728       7.728 |     50.0    |       8.423       7.078 |
|       5.832       5.803 |     20.0    |       6.401       5.218 |
|       5.109       5.064 |     10.0    |       5.663       4.490 |
|       4.613       4.551 |      5.0    |       5.163       3.992 |
|       4.144       4.063 |      2.0    |       4.690       3.524 |
|       3.876       3.780 |      1.0    |       4.419       3.258 |
|       3.656       3.547 |      0.5    |       4.197       3.042 |
|       3.419       3.292 |      0.2    |       3.956       2.811 |
|-------------------------|-------------|-------------------------|


<< Synthetic Statistics >>
Carl5_Test-FLOW-DAY (120-day Min)
----------------------------------------------------------------
|        Log Transform:        |                               |
|          FLOW, cms           |       Number of Events        |
|------------------------------|-------------------------------|
|  Mean                 0.900  |  Historic Events           0  |
|  Standard Dev         0.157  |  High Outliers          1     |
|  Station Skew         0.454  |  Low Outliers           0     |
|  Regional Skew          ---  |  Zero Events            0     |
|  Weighted Skew          ---  |  Missing Events         0     |
|  Adopted Skew         0.454  |  Systematic Events        48  |
|------------------------------|-------------------------------|

--- End of Analytical Frequency Curve ---

Note: No ordinates specified for graphical frequency curve




====================================================================
Statistical Analysis of 183-day Minimum values
====================================================================

Note: Data are missing for all or part of 1 years in analysis period.


Warning: 1 events occur in first 188 days of analysis year for 183-day duration.

Suggest reviewing data and changing the year/season specification on the General tab to capture independent max/min volumes.


-----------------------
<< High Outlier Test >>
-----------------------
 Based on 48 events, 10 percent outlier test deviate K(N) = 2.753
                        Computed high outlier test value = 40.254

          0 high outlier(s) identified above test value of 40.254


----------------------
<< Low Outlier Test >>
----------------------
 Based on 48 events, 10 percent outlier test deviate K(N) = 2.753
                         Computed low outlier test value = 5.3053

           0 low outlier(s) identified below test value of 5.3053





--- Final Results ---

<< Plotting Positions >>
Carl5_Test-FLOW-DAY (183-day Min)
--------------------------------------------------------------------
|     Events Analyzed       |            Ordered Events            |
|                     FLOW  |       Calendar        FLOW  Weibull  |
| Day Mon Year         cms  |  Rank     Year         cms  Plot Pos |
|---------------------------|--------------------------------------|
|  28 Oct 1965      16.153  |    1      1997      35.147   97.96   |
|  12 Nov 1966      15.034  |    2      1999      26.275   95.92   |
|  08 Oct 1967      17.127  |    3      1984      26.125   93.88   |
|  19 Oct 1968      16.802  |    4      1971      25.975   91.84   |
|  10 Dec 1969      20.953  |    5      1975      24.079   89.80   |
|  07 Nov 1970       9.146  |    6      2011      22.971   87.76   |
|  09 Nov 1971      25.975  |    7      1981      21.676   85.71   |
|  24 Nov 1972      15.708  |    8      2008      21.393   83.67   |
|  19 Oct 1973      10.987  |    9      1969      20.953   81.63   |
|  17 Nov 1974      20.455  |   10      2007      20.848   79.59   |
|  15 Oct 1975      24.079  |   11      2010      20.676   77.55   |
|  10 Dec 1976      16.176  |   12      1974      20.455   75.51   |
|  28 Oct 1977      11.872  |   13      2000      18.260   73.47   |
|  05 Nov 1978      14.453  |   14      2012      17.924   71.43   |
|  24 Oct 1979      12.557  |   15      1967      17.127   69.39   |
|  03 Nov 1980      10.923  |   16      1968      16.802   67.35   |
|  30 Oct 1981      21.676  |   17      1976      16.176   65.31   |
|  24 Oct 1982      15.803  |   18      1965      16.153   63.27   |
|  01 Nov 1983      12.328  |   19      1982      15.803   61.22   |
|  12 Oct 1984      26.125  |   20      1972      15.708   59.18   |
|  21 Oct 1985      13.915  |   21      1988      15.515   57.14   |
|  19 Nov 1986      11.670  |   22      2001      15.474   55.10   |
|  21 Nov 1987       8.048  |   23      2005      15.361   53.06   |
|  02 Nov 1988      15.515  |   24      1966      15.034   51.02   |
|  08 Nov 1989       9.687  |   25      1990      14.782   48.98   |
|  25 Oct 1990      14.782  |   26      1996      14.639   46.94   |
|  10 Nov 1991      13.874  |   27      1978      14.453   44.90   |
|  22 Oct 1992       8.649  |   28      2009      14.003   42.86   |
|  30 Nov 1993       9.432  |   29      1985      13.915   40.82   |
|  31 Oct 1994       8.965  |   30      1991      13.874   38.78   |
|  18 Oct 1995       8.788  |   31      2003      13.001   36.73   |
|  07 Nov 1996      14.639  |   32      1979      12.557   34.69   |
|  01 Jan 1997      35.147  |   33      1983      12.328   32.65   |
|  03 Nov 1998       6.609  |   34      1977      11.872   30.61   |
|  05 Nov 1999      26.275  |   35      1986      11.670   28.57   |
|  24 Nov 2000      18.260  |   36      1973      10.987   26.53   |
|  07 Nov 2001      15.474  |   37      1980      10.923   24.49   |
|  13 Nov 2002      10.593  |   38      2002      10.593   22.45   |
|  16 Oct 2003      13.001  |   39      1989       9.687   20.41   |
|  17 Oct 2004       9.159  |   40      2006       9.685   18.37   |
|  30 Oct 2005      15.361  |   41      1993       9.432   16.33   |
|  04 Nov 2006       9.685  |   42      2004       9.159   14.29   |
|  18 Oct 2007      20.848  |   43      1970       9.146   12.24   |
|  30 Oct 2008      21.393  |   44      1994       8.965   10.20   |
|  29 Oct 2009      14.003  |   45      1995       8.788    8.16   |
|  25 Oct 2010      20.676  |   46      1992       8.649    6.12   |
|  21 Nov 2011      22.971  |   47      1987       8.048    4.08   |
|  03 Nov 2012      17.924  |   48      1998       6.609    2.04   |
|---------------------------|--------------------------------------|



<< Skew Weighting >>
-----------------------------------------------------------------
Based on 48 events, mean-square error of station skew =     0.112
Mean-square error of regional skew is undefined.
-----------------------------------------------------------------


<< Frequency Curve >>
Carl5_Test-FLOW-DAY (183-day Min)
-------------------------------------------------------------------
|  Computed    Expected   |   Percent   |    Confidence Limits    |
|    Curve    Probability | Chance Non- |        0.05        0.95 |
|        FLOW, cms        | Exceedance  |        FLOW, cms        |
|-------------------------|-------------|-------------------------|
|      35.049      36.538 |     99.0    |      42.920      30.144 |
|      26.962      27.487 |     95.0    |      31.549      23.894 |
|      23.482      23.767 |     90.0    |      26.887      21.093 |
|      19.894      20.018 |     80.0    |      22.271      18.098 |
|      14.552      14.552 |     50.0    |      15.900      13.316 |
|      10.709      10.645 |     20.0    |      11.773       9.563 |
|       9.144       9.041 |     10.0    |      10.175       7.993 |
|       8.036       7.894 |      5.0    |       9.054       6.884 |
|       6.957       6.764 |      2.0    |       7.963       5.817 |
|       6.325       6.094 |      1.0    |       7.321       5.199 |
|       5.799       5.532 |      0.5    |       6.784       4.693 |
|       5.224       4.911 |      0.2    |       6.192       4.147 |
|-------------------------|-------------|-------------------------|


<< Systematic Statistics >>
Carl5_Test-FLOW-DAY (183-day Min)
----------------------------------------------------------------
|        Log Transform:        |                               |
|          FLOW, cms           |       Number of Events        |
|------------------------------|-------------------------------|
|  Mean                 1.165  |  Historic Events           0  |
|  Standard Dev         0.160  |  High Outliers          0     |
|  Station Skew         0.069  |  Low Outliers           0     |
|  Regional Skew          ---  |  Zero Events            0     |
|  Weighted Skew          ---  |  Missing Events         0     |
|  Adopted Skew         0.069  |  Systematic Events        48  |
|------------------------------|-------------------------------|

--- End of Analytical Frequency Curve ---

Note: No ordinates specified for graphical frequency curve

